e:\open_source_code_for_vc\everstationii\apps\everstationii\debug\x64\app_everstationii_v4.40d(x64).pch
e:\open_source_code_for_vc\everstationii\apps\everstationii\debug\x64\vc141.pdb
e:\open_source_code_for_vc\everstationii\apps\everstationii\debug\x64\vc141.idb
e:\open_source_code_for_vc\everstationii\apps\everstationii\debug\x64\stdafx.obj
e:\open_source_code_for_vc\everstationii\apps\everstationii\debug\x64\everstationiiview.obj
e:\open_source_code_for_vc\everstationii\apps\everstationii\debug\x64\everstationiidoc.obj
e:\open_source_code_for_vc\everstationii\apps\everstationii\debug\x64\everstationii.obj
e:\open_source_code_for_vc\everstationii\apps\everstationii\debug\x64\dockpane_runninglog.obj
e:\open_source_code_for_vc\everstationii\apps\everstationii\debug\x64\dlgconfigwinpcap.obj
e:\open_source_code_for_vc\everstationii\apps\everstationii\debug\x64\dlgconfigtsinput.obj
e:\open_source_code_for_vc\everstationii\apps\everstationii\debug\x64\dlgconfigcoderdebug.obj
e:\open_source_code_for_vc\everstationii\apps\everstationii\debug\x64\treeview_xmlbrowser.obj
e:\open_source_code_for_vc\everstationii\apps\everstationii\debug\x64\listview_runninglog.obj
e:\open_source_code_for_vc\everstationii\apps\everstationii\debug\x64\listview_bytebuffer.obj
e:\open_source_code_for_vc\everstationii\apps\everstationii\debug\x64\instrumentpanel_waveform.obj
e:\open_source_code_for_vc\everstationii\apps\everstationii\debug\x64\instrumentpanel_scatterdiagram.obj
e:\open_source_code_for_vc\everstationii\apps\everstationii\debug\x64\instrumentpanel_histogram.obj
e:\open_source_code_for_vc\everstationii\apps\everstationii\debug\x64\instrumentpanel_base.obj
e:\open_source_code_for_vc\everstationii\apps\everstationii\debug\x64\hexeditview_bytebuffer.obj
e:\open_source_code_for_vc\everstationii\apps\everstationii\debug\x64\dlg_showvideo.obj
e:\open_source_code_for_vc\everstationii\apps\everstationii\debug\x64\dlg_progress.obj
e:\open_source_code_for_vc\everstationii\apps\everstationii\debug\x64\dlg_decimate.obj
e:\open_source_code_for_vc\everstationii\apps\everstationii\debug\x64\classview.obj
e:\open_source_code_for_vc\everstationii\apps\everstationii\debug\x64\childfrm.obj
e:\open_source_code_for_vc\everstationii\apps\everstationii\debug\x64\dlg_tsanalyzer_subtitle.obj
e:\open_source_code_for_vc\everstationii\apps\everstationii\debug\x64\dlg_tsanalyzer_psisi.obj
e:\open_source_code_for_vc\everstationii\apps\everstationii\debug\x64\dlg_tsanalyzer_peses.obj
e:\open_source_code_for_vc\everstationii\apps\everstationii\debug\x64\dlg_tsanalyzer_pcr.obj
e:\open_source_code_for_vc\everstationii\apps\everstationii\debug\x64\dlg_tsanalyzer_packettrigger.obj
e:\open_source_code_for_vc\everstationii\apps\everstationii\debug\x64\dlg_tsanalyzer_overview.obj
e:\open_source_code_for_vc\everstationii\apps\everstationii\debug\x64\dlg_tsanalyzer_epg.obj
e:\open_source_code_for_vc\everstationii\apps\everstationii\debug\x64\dlg_tsanalyzer_dsmcc.obj
e:\open_source_code_for_vc\everstationii\apps\everstationii\debug\x64\dlg_tsanalyzer_bouquet.obj
e:\open_source_code_for_vc\everstationii\apps\everstationii\debug\x64\dlg_triggerwaiting.obj
e:\open_source_code_for_vc\everstationii\apps\everstationii\debug\x64\dlg_signalstatus.obj
e:\open_source_code_for_vc\everstationii\apps\everstationii\debug\x64\psmagicview.obj
e:\open_source_code_for_vc\everstationii\apps\everstationii\debug\x64\psmagicfrm.obj
e:\open_source_code_for_vc\everstationii\apps\everstationii\debug\x64\psmagicdoc.obj
e:\open_source_code_for_vc\everstationii\apps\everstationii\debug\x64\dlg_psoverview.obj
e:\open_source_code_for_vc\everstationii\apps\everstationii\debug\x64\esmagicview.obj
e:\open_source_code_for_vc\everstationii\apps\everstationii\debug\x64\esmagicfrm.obj
e:\open_source_code_for_vc\everstationii\apps\everstationii\debug\x64\esmagicdoc.obj
e:\open_source_code_for_vc\everstationii\apps\everstationii\debug\x64\dlg_esoverview.obj
e:\open_source_code_for_vc\everstationii\apps\everstationii\debug\x64\fileview.obj
e:\open_source_code_for_vc\everstationii\apps\everstationii\debug\x64\tsmagic_trigger.obj
e:\open_source_code_for_vc\everstationii\apps\everstationii\debug\x64\tsmagic_decimate_tspacket.obj
e:\open_source_code_for_vc\everstationii\apps\everstationii\debug\x64\tsmagic_decimate_dsmcc.obj
e:\open_source_code_for_vc\everstationii\apps\everstationii\debug\x64\tsmagic_callbacks_to_gui.obj
e:\open_source_code_for_vc\everstationii\apps\everstationii\debug\x64\tsmagic_callbacks_from_lib.obj
e:\open_source_code_for_vc\everstationii\apps\everstationii\debug\x64\tsmagic_analyse_realtime.obj
e:\open_source_code_for_vc\everstationii\apps\everstationii\debug\x64\tsmagic_analyse_offline.obj
e:\open_source_code_for_vc\everstationii\apps\everstationii\debug\x64\tsmagicview.obj
e:\open_source_code_for_vc\everstationii\apps\everstationii\debug\x64\tsmagicfrm.obj
e:\open_source_code_for_vc\everstationii\apps\everstationii\debug\x64\tsmagicdoc.obj
e:\open_source_code_for_vc\everstationii\apps\everstationii\debug\x64\tabview_tsmagic.obj
e:\open_source_code_for_vc\everstationii\apps\everstationii\debug\x64\navitree_services.obj
e:\open_source_code_for_vc\everstationii\apps\everstationii\debug\x64\navitree_psisitables.obj
e:\open_source_code_for_vc\everstationii\apps\everstationii\debug\x64\navitree_ess.obj
e:\open_source_code_for_vc\everstationii\apps\everstationii\debug\x64\navitree_bouquets.obj
e:\open_source_code_for_vc\everstationii\apps\everstationii\debug\x64\navilist_dsmccs.obj
e:\open_source_code_for_vc\everstationii\apps\everstationii\debug\x64\listview_serviceinfo.obj
e:\open_source_code_for_vc\everstationii\apps\everstationii\debug\x64\listview_epgschedule.obj
e:\open_source_code_for_vc\everstationii\apps\everstationii\debug\x64\dlg_tsanalyzer_tspacket.obj
e:\open_source_code_for_vc\everstationii\apps\everstationii\debug\x64\dlg_tsanalyzer_teletext.obj
e:\open_source_code_for_vc\everstationii\apps\everstationii\debug\x64\viewtree.obj
e:\open_source_code_for_vc\everstationii\apps\everstationii\debug\x64\propertieswnd.obj
e:\open_source_code_for_vc\everstationii\apps\everstationii\debug\x64\splitwnd.obj
e:\open_source_code_for_vc\everstationii\apps\everstationii\debug\x64\mainfrm.obj
e:\open_source_code_for_vc\everstationii\apps\everstationii\debug\x64\yuvmagicview.obj
e:\open_source_code_for_vc\everstationii\apps\everstationii\debug\x64\yuvmagicfrm.obj
e:\open_source_code_for_vc\everstationii\apps\everstationii\debug\x64\yuvmagicdoc.obj
e:\open_source_code_for_vc\everstationii\apps\everstationii\debug\x64\dlg_yuvpreview.obj
e:\open_source_code_for_vc\everstationii\apps\everstationii\debug\x64\dlg_yuvcombine.obj
e:\open_source_code_for_vc\everstationii\apps\everstationii\debug\x64\dlg_xxxyuvfilename.obj
e:\open_source_code_for_vc\everstationii\apps\everstationii\debug\x64\view_epgcontainer.obj
e:\open_source_code_for_vc\everstationii\apps\everstationii\debug\x64\tsmagic_trigger_tspacket.obj
e:\open_source_code_for_vc\everstationii\apps\everstationii\debug\x64\tsmagic_trigger_section.obj
e:\open_source_code_for_vc\everstationii\apps\everstationii\debug\x64\tsmagic_trigger_peses.obj
e:\open_source_code_for_vc\everstationii\apps\everstationii\debug\x64\tsmagic_errorcode_lut.obj
e:\open_source_code_for_vc\everstationii\debug\x64\app_everstationii_v4.40d(x64).exe
e:\open_source_code_for_vc\everstationii\debug\x64\app_everstationii_v4.40d(x64).ilk
e:\open_source_code_for_vc\everstationii\debug\x64\app_everstationii_v4.40d(x64).pdb
e:\open_source_code_for_vc\everstationii\apps\everstationii\debug\x64\everstationii.res
e:\open_source_code_for_vc\everstationii\apps\everstationii\debug\x64\app_ever.b9f98726.tlog\cl.command.1.tlog
e:\open_source_code_for_vc\everstationii\apps\everstationii\debug\x64\app_ever.b9f98726.tlog\cl.read.1.tlog
e:\open_source_code_for_vc\everstationii\apps\everstationii\debug\x64\app_ever.b9f98726.tlog\cl.write.1.tlog
e:\open_source_code_for_vc\everstationii\apps\everstationii\debug\x64\app_ever.b9f98726.tlog\link.command.1.tlog
e:\open_source_code_for_vc\everstationii\apps\everstationii\debug\x64\app_ever.b9f98726.tlog\link.read.1.tlog
e:\open_source_code_for_vc\everstationii\apps\everstationii\debug\x64\app_ever.b9f98726.tlog\link.write.1.tlog
e:\open_source_code_for_vc\everstationii\apps\everstationii\debug\x64\app_ever.b9f98726.tlog\rc.command.1.tlog
e:\open_source_code_for_vc\everstationii\apps\everstationii\debug\x64\app_ever.b9f98726.tlog\rc.read.1.tlog
e:\open_source_code_for_vc\everstationii\apps\everstationii\debug\x64\app_ever.b9f98726.tlog\rc.write.1.tlog
