e:\projects-mpeg2码流分析仪\软件工程\everstationii\middleware\middleware_ts_dbases\debug\win32\middleware_ts_dbasesd(x32).pch
e:\projects-mpeg2码流分析仪\软件工程\everstationii\middleware\middleware_ts_dbases\debug\win32\vc141.pdb
e:\projects-mpeg2码流分析仪\软件工程\everstationii\middleware\middleware_ts_dbases\debug\win32\vc141.idb
e:\projects-mpeg2码流分析仪\软件工程\everstationii\middleware\middleware_ts_dbases\debug\win32\stdafx.obj
e:\projects-mpeg2码流分析仪\软件工程\everstationii\middleware\middleware_ts_dbases\debug\win32\dllmain.obj
e:\projects-mpeg2码流分析仪\软件工程\everstationii\middleware\middleware_ts_dbases\debug\win32\middleware_db_tspackets.obj
e:\projects-mpeg2码流分析仪\软件工程\everstationii\middleware\middleware_ts_dbases\debug\win32\middleware_db_psisiobjs.obj
e:\projects-mpeg2码流分析仪\软件工程\everstationii\middleware\middleware_ts_dbases\debug\win32\middleware_db_pcrs.obj
e:\projects-mpeg2码流分析仪\软件工程\everstationii\middleware\middleware_ts_dbases\debug\win32\middleware_db_ocdcs.obj
e:\projects-mpeg2码流分析仪\软件工程\everstationii\debug\win32\middleware_ts_dbasesd(x32).ilk
e:\projects-mpeg2码流分析仪\软件工程\everstationii\debug\win32\middleware_ts_dbasesd(x32).dll
e:\projects-mpeg2码流分析仪\软件工程\everstationii\debug\win32\middleware_ts_dbasesd(x32).pdb
e:\projects-mpeg2码流分析仪\软件工程\everstationii\middleware\middleware_ts_dbases\lib\middleware_ts_dbasesd(x32).lib
e:\projects-mpeg2码流分析仪\软件工程\everstationii\middleware\middleware_ts_dbases\lib\middleware_ts_dbasesd(x32).exp
e:\projects-mpeg2码流分析仪\软件工程\everstationii\middleware\middleware_ts_dbases\debug\win32\middlewa.695884a0.tlog\cl.command.1.tlog
e:\projects-mpeg2码流分析仪\软件工程\everstationii\middleware\middleware_ts_dbases\debug\win32\middlewa.695884a0.tlog\cl.read.1.tlog
e:\projects-mpeg2码流分析仪\软件工程\everstationii\middleware\middleware_ts_dbases\debug\win32\middlewa.695884a0.tlog\cl.write.1.tlog
e:\projects-mpeg2码流分析仪\软件工程\everstationii\middleware\middleware_ts_dbases\debug\win32\middlewa.695884a0.tlog\link.command.1.tlog
e:\projects-mpeg2码流分析仪\软件工程\everstationii\middleware\middleware_ts_dbases\debug\win32\middlewa.695884a0.tlog\link.read.1.tlog
e:\projects-mpeg2码流分析仪\软件工程\everstationii\middleware\middleware_ts_dbases\debug\win32\middlewa.695884a0.tlog\link.write.1.tlog
e:\projects-mpeg2码流分析仪\软件工程\everstationii\middleware\middleware_ts_dbases\debug\win32\middlewa.695884a0.tlog\middleware_ts_dbases.write.1u.tlog
