e:\projects-mpeg2码流分析仪\软件工程\everstation_v4.42.20180818\libs_es\es_mpv\debug\x64\es_mpvd(x64).pch
e:\projects-mpeg2码流分析仪\软件工程\everstation_v4.42.20180818\libs_es\es_mpv\debug\x64\vc141.pdb
e:\projects-mpeg2码流分析仪\软件工程\everstation_v4.42.20180818\libs_es\es_mpv\debug\x64\vc141.idb
e:\projects-mpeg2码流分析仪\软件工程\everstation_v4.42.20180818\libs_es\es_mpv\debug\x64\stdafx.obj
e:\projects-mpeg2码流分析仪\软件工程\everstation_v4.42.20180818\libs_es\es_mpv\debug\x64\mpeg_video_sequence_xml.obj
e:\projects-mpeg2码流分析仪\软件工程\everstation_v4.42.20180818\libs_es\es_mpv\debug\x64\mpeg_video_utilities.obj
e:\projects-mpeg2码流分析仪\软件工程\everstation_v4.42.20180818\libs_es\es_mpv\debug\x64\mpeg_video_sequence.obj
e:\projects-mpeg2码流分析仪\软件工程\everstation_v4.42.20180818\libs_es\es_mpv\debug\x64\dllmain.obj
e:\projects-mpeg2码流分析仪\软件工程\everstation_v4.42.20180818\libs_es\es_mpv\lib\es_mpvd(x64).lib
e:\projects-mpeg2码流分析仪\软件工程\everstation_v4.42.20180818\libs_es\es_mpv\lib\es_mpvd(x64).exp
e:\projects-mpeg2码流分析仪\软件工程\everstation_v4.42.20180818\debug\x64\es_mpvd(x64).dll
e:\projects-mpeg2码流分析仪\软件工程\everstation_v4.42.20180818\debug\x64\es_mpvd(x64).ilk
e:\projects-mpeg2码流分析仪\软件工程\everstation_v4.42.20180818\debug\x64\es_mpvd(x64).pdb
e:\projects-mpeg2码流分析仪\软件工程\everstation_v4.42.20180818\libs_es\es_mpv\debug\x64\es_mpv.tlog\cl.command.1.tlog
e:\projects-mpeg2码流分析仪\软件工程\everstation_v4.42.20180818\libs_es\es_mpv\debug\x64\es_mpv.tlog\cl.read.1.tlog
e:\projects-mpeg2码流分析仪\软件工程\everstation_v4.42.20180818\libs_es\es_mpv\debug\x64\es_mpv.tlog\cl.write.1.tlog
e:\projects-mpeg2码流分析仪\软件工程\everstation_v4.42.20180818\libs_es\es_mpv\debug\x64\es_mpv.tlog\es_mpv.write.1u.tlog
e:\projects-mpeg2码流分析仪\软件工程\everstation_v4.42.20180818\libs_es\es_mpv\debug\x64\es_mpv.tlog\link.command.1.tlog
e:\projects-mpeg2码流分析仪\软件工程\everstation_v4.42.20180818\libs_es\es_mpv\debug\x64\es_mpv.tlog\link.read.1.tlog
e:\projects-mpeg2码流分析仪\软件工程\everstation_v4.42.20180818\libs_es\es_mpv\debug\x64\es_mpv.tlog\link.write.1.tlog
