e:\projects-mpeg2码流分析仪\软件工程\everstationii\thirdparty_libs\glog\release\win32\vc141.pdb
e:\projects-mpeg2码流分析仪\软件工程\everstationii\thirdparty_libs\glog\release\win32\port.obj
e:\projects-mpeg2码流分析仪\软件工程\everstationii\thirdparty_libs\glog\release\win32\vlog_is_on.obj
e:\projects-mpeg2码流分析仪\软件工程\everstationii\thirdparty_libs\glog\release\win32\utilities.obj
e:\projects-mpeg2码流分析仪\软件工程\everstationii\thirdparty_libs\glog\release\win32\symbolize.obj
e:\projects-mpeg2码流分析仪\软件工程\everstationii\thirdparty_libs\glog\release\win32\signalhandler.obj
e:\projects-mpeg2码流分析仪\软件工程\everstationii\thirdparty_libs\glog\release\win32\raw_logging.obj
e:\projects-mpeg2码流分析仪\软件工程\everstationii\thirdparty_libs\glog\release\win32\logging.obj
e:\projects-mpeg2码流分析仪\软件工程\everstationii\thirdparty_libs\glog\release\win32\demangle.obj
e:\projects-mpeg2码流分析仪\软件工程\everstationii\thirdparty_libs\glog\lib\glog(x32).lib
e:\projects-mpeg2码流分析仪\软件工程\everstationii\thirdparty_libs\glog\lib\glog(x32).exp
e:\projects-mpeg2码流分析仪\软件工程\everstationii\release\win32\glog(x32).ipdb
e:\projects-mpeg2码流分析仪\软件工程\everstationii\release\win32\glog(x32).iobj
e:\projects-mpeg2码流分析仪\软件工程\everstationii\release\win32\glog(x32).dll
e:\projects-mpeg2码流分析仪\软件工程\everstationii\release\win32\glog(x32).pdb
e:\projects-mpeg2码流分析仪\软件工程\everstationii\thirdparty_libs\glog\release\win32\glog.tlog\cl.command.1.tlog
e:\projects-mpeg2码流分析仪\软件工程\everstationii\thirdparty_libs\glog\release\win32\glog.tlog\cl.read.1.tlog
e:\projects-mpeg2码流分析仪\软件工程\everstationii\thirdparty_libs\glog\release\win32\glog.tlog\cl.write.1.tlog
e:\projects-mpeg2码流分析仪\软件工程\everstationii\thirdparty_libs\glog\release\win32\glog.tlog\glog.write.1u.tlog
e:\projects-mpeg2码流分析仪\软件工程\everstationii\thirdparty_libs\glog\release\win32\glog.tlog\link.command.1.tlog
e:\projects-mpeg2码流分析仪\软件工程\everstationii\thirdparty_libs\glog\release\win32\glog.tlog\link.read.1.tlog
e:\projects-mpeg2码流分析仪\软件工程\everstationii\thirdparty_libs\glog\release\win32\glog.tlog\link.write.1.tlog
