e:\projects-mpeg2码流分析仪\软件工程\everstation_v4.42.20180818\apps\ksniffer\debug\x64\vc141.pdb
e:\projects-mpeg2码流分析仪\软件工程\everstation_v4.42.20180818\apps\ksniffer\debug\x64\threadex.obj
e:\projects-mpeg2码流分析仪\软件工程\everstation_v4.42.20180818\apps\ksniffer\debug\x64\stdafx.obj
e:\projects-mpeg2码流分析仪\软件工程\everstation_v4.42.20180818\apps\ksniffer\debug\x64\showthread.obj
e:\projects-mpeg2码流分析仪\软件工程\everstation_v4.42.20180818\apps\ksniffer\debug\x64\protocols.obj
e:\projects-mpeg2码流分析仪\软件工程\everstation_v4.42.20180818\apps\ksniffer\debug\x64\ksnifferdlg.obj
e:\projects-mpeg2码流分析仪\软件工程\everstation_v4.42.20180818\apps\ksniffer\debug\x64\ksniffer.obj
e:\projects-mpeg2码流分析仪\软件工程\everstation_v4.42.20180818\apps\ksniffer\debug\x64\hexedit.obj
e:\projects-mpeg2码流分析仪\软件工程\everstation_v4.42.20180818\apps\ksniffer\debug\x64\globalvar.obj
e:\projects-mpeg2码流分析仪\软件工程\everstation_v4.42.20180818\apps\ksniffer\debug\x64\capthread.obj
e:\projects-mpeg2码流分析仪\软件工程\everstation_v4.42.20180818\apps\ksniffer\debug\x64\capfilterdlg.obj
e:\projects-mpeg2码流分析仪\软件工程\everstation_v4.42.20180818\apps\ksniffer\debug\x64\adaptersdlg.obj
e:\projects-mpeg2码流分析仪\软件工程\everstation_v4.42.20180818\debug\x64\app_ksnifferd(x64).ilk
e:\projects-mpeg2码流分析仪\软件工程\everstation_v4.42.20180818\debug\x64\app_ksnifferd(x64).exe
e:\projects-mpeg2码流分析仪\软件工程\everstation_v4.42.20180818\debug\x64\app_ksnifferd(x64).pdb
e:\projects-mpeg2码流分析仪\软件工程\everstation_v4.42.20180818\apps\ksniffer\debug\x64\ksniffer.res
e:\projects-mpeg2码流分析仪\软件工程\everstation_v4.42.20180818\apps\ksniffer\debug\x64\app_ksniffer.tlog\cl.command.1.tlog
e:\projects-mpeg2码流分析仪\软件工程\everstation_v4.42.20180818\apps\ksniffer\debug\x64\app_ksniffer.tlog\cl.read.1.tlog
e:\projects-mpeg2码流分析仪\软件工程\everstation_v4.42.20180818\apps\ksniffer\debug\x64\app_ksniffer.tlog\cl.write.1.tlog
e:\projects-mpeg2码流分析仪\软件工程\everstation_v4.42.20180818\apps\ksniffer\debug\x64\app_ksniffer.tlog\link.command.1.tlog
e:\projects-mpeg2码流分析仪\软件工程\everstation_v4.42.20180818\apps\ksniffer\debug\x64\app_ksniffer.tlog\link.read.1.tlog
e:\projects-mpeg2码流分析仪\软件工程\everstation_v4.42.20180818\apps\ksniffer\debug\x64\app_ksniffer.tlog\link.write.1.tlog
e:\projects-mpeg2码流分析仪\软件工程\everstation_v4.42.20180818\apps\ksniffer\debug\x64\app_ksniffer.tlog\rc.command.1.tlog
e:\projects-mpeg2码流分析仪\软件工程\everstation_v4.42.20180818\apps\ksniffer\debug\x64\app_ksniffer.tlog\rc.read.1.tlog
e:\projects-mpeg2码流分析仪\软件工程\everstation_v4.42.20180818\apps\ksniffer\debug\x64\app_ksniffer.tlog\rc.write.1.tlog
