e:\projects-mpeg2码流分析仪\软件工程\everstation_v4.42.20180818\libs_mpeg&dvb\mpeg_dvb_section\debug\x64\mpeg_dvb_sectiond(x64).pch
e:\projects-mpeg2码流分析仪\软件工程\everstation_v4.42.20180818\libs_mpeg&dvb\mpeg_dvb_section\debug\x64\vc141.pdb
e:\projects-mpeg2码流分析仪\软件工程\everstation_v4.42.20180818\libs_mpeg&dvb\mpeg_dvb_section\debug\x64\vc141.idb
e:\projects-mpeg2码流分析仪\软件工程\everstation_v4.42.20180818\libs_mpeg&dvb\mpeg_dvb_section\debug\x64\stdafx.obj
e:\projects-mpeg2码流分析仪\软件工程\everstation_v4.42.20180818\libs_mpeg&dvb\mpeg_dvb_section\debug\x64\mpeg2_dsmcc_descriptor.obj
e:\projects-mpeg2码流分析仪\软件工程\everstation_v4.42.20180818\libs_mpeg&dvb\mpeg_dvb_section\debug\x64\dvb_si_utilities.obj
e:\projects-mpeg2码流分析仪\软件工程\everstation_v4.42.20180818\libs_mpeg&dvb\mpeg_dvb_section\debug\x64\dvb_si_section_tot.obj
e:\projects-mpeg2码流分析仪\软件工程\everstation_v4.42.20180818\libs_mpeg&dvb\mpeg_dvb_section\debug\x64\dvb_si_section_tdt.obj
e:\projects-mpeg2码流分析仪\软件工程\everstation_v4.42.20180818\libs_mpeg&dvb\mpeg_dvb_section\debug\x64\dvb_si_section_sdt.obj
e:\projects-mpeg2码流分析仪\软件工程\everstation_v4.42.20180818\libs_mpeg&dvb\mpeg_dvb_section\debug\x64\dvb_si_section_rst.obj
e:\projects-mpeg2码流分析仪\软件工程\everstation_v4.42.20180818\libs_mpeg&dvb\mpeg_dvb_section\debug\x64\dvb_si_section_nit.obj
e:\projects-mpeg2码流分析仪\软件工程\everstation_v4.42.20180818\libs_mpeg&dvb\mpeg_dvb_section\debug\x64\dvb_si_section_eit.obj
e:\projects-mpeg2码流分析仪\软件工程\everstation_v4.42.20180818\libs_mpeg&dvb\mpeg_dvb_section\debug\x64\dvb_si_section_cmt.obj
e:\projects-mpeg2码流分析仪\软件工程\everstation_v4.42.20180818\libs_mpeg&dvb\mpeg_dvb_section\debug\x64\dvb_si_section_bat.obj
e:\projects-mpeg2码流分析仪\软件工程\everstation_v4.42.20180818\libs_mpeg&dvb\mpeg_dvb_section\debug\x64\dvb_si_descriptor.obj
e:\projects-mpeg2码流分析仪\软件工程\everstation_v4.42.20180818\libs_mpeg&dvb\mpeg_dvb_section\debug\x64\dvb_mhp_utilities.obj
e:\projects-mpeg2码流分析仪\软件工程\everstation_v4.42.20180818\libs_mpeg&dvb\mpeg_dvb_section\debug\x64\dvb_mhp_section_ait.obj
e:\projects-mpeg2码流分析仪\软件工程\everstation_v4.42.20180818\libs_mpeg&dvb\mpeg_dvb_section\debug\x64\dvb_mhp_descriptor.obj
e:\projects-mpeg2码流分析仪\软件工程\everstation_v4.42.20180818\libs_mpeg&dvb\mpeg_dvb_section\debug\x64\dvb_ipdc_utilities.obj
e:\projects-mpeg2码流分析仪\软件工程\everstation_v4.42.20180818\libs_mpeg&dvb\mpeg_dvb_section\debug\x64\dvb_ipdc_section_mpe.obj
e:\projects-mpeg2码流分析仪\软件工程\everstation_v4.42.20180818\libs_mpeg&dvb\mpeg_dvb_section\debug\x64\dvb_ipdc_section_int.obj
e:\projects-mpeg2码流分析仪\软件工程\everstation_v4.42.20180818\libs_mpeg&dvb\mpeg_dvb_section\debug\x64\dvb_ipdc_descriptor.obj
e:\projects-mpeg2码流分析仪\软件工程\everstation_v4.42.20180818\libs_mpeg&dvb\mpeg_dvb_section\debug\x64\dvb_databroadcast.obj
e:\projects-mpeg2码流分析仪\软件工程\everstation_v4.42.20180818\libs_mpeg&dvb\mpeg_dvb_section\debug\x64\dllmain.obj
e:\projects-mpeg2码流分析仪\软件工程\everstation_v4.42.20180818\libs_mpeg&dvb\mpeg_dvb_section\debug\x64\dvb_si_section_cmt_xml.obj
e:\projects-mpeg2码流分析仪\软件工程\everstation_v4.42.20180818\libs_mpeg&dvb\mpeg_dvb_section\debug\x64\dvb_si_section_bat_xml.obj
e:\projects-mpeg2码流分析仪\软件工程\everstation_v4.42.20180818\libs_mpeg&dvb\mpeg_dvb_section\debug\x64\dvb_si_descriptor_xml.obj
e:\projects-mpeg2码流分析仪\软件工程\everstation_v4.42.20180818\libs_mpeg&dvb\mpeg_dvb_section\debug\x64\dvb_mhp_section_ait_xml.obj
e:\projects-mpeg2码流分析仪\软件工程\everstation_v4.42.20180818\libs_mpeg&dvb\mpeg_dvb_section\debug\x64\dvb_mhp_descriptor_xml.obj
e:\projects-mpeg2码流分析仪\软件工程\everstation_v4.42.20180818\libs_mpeg&dvb\mpeg_dvb_section\debug\x64\dvb_ipdc_section_mpe_xml.obj
e:\projects-mpeg2码流分析仪\软件工程\everstation_v4.42.20180818\libs_mpeg&dvb\mpeg_dvb_section\debug\x64\dvb_ipdc_section_int_xml.obj
e:\projects-mpeg2码流分析仪\软件工程\everstation_v4.42.20180818\libs_mpeg&dvb\mpeg_dvb_section\debug\x64\dvb_ipdc_descriptor_xml.obj
e:\projects-mpeg2码流分析仪\软件工程\everstation_v4.42.20180818\libs_mpeg&dvb\mpeg_dvb_section\debug\x64\dvb_databroadcast_xml.obj
e:\projects-mpeg2码流分析仪\软件工程\everstation_v4.42.20180818\libs_mpeg&dvb\mpeg_dvb_section\debug\x64\mpeg_dvb_common.obj
e:\projects-mpeg2码流分析仪\软件工程\everstation_v4.42.20180818\libs_mpeg&dvb\mpeg_dvb_section\debug\x64\mpeg2_psi_utilities.obj
e:\projects-mpeg2码流分析仪\软件工程\everstation_v4.42.20180818\libs_mpeg&dvb\mpeg_dvb_section\debug\x64\mpeg2_psi_tsdt_section.obj
e:\projects-mpeg2码流分析仪\软件工程\everstation_v4.42.20180818\libs_mpeg&dvb\mpeg_dvb_section\debug\x64\mpeg2_psi_section_pmt.obj
e:\projects-mpeg2码流分析仪\软件工程\everstation_v4.42.20180818\libs_mpeg&dvb\mpeg_dvb_section\debug\x64\mpeg2_psi_section_pat.obj
e:\projects-mpeg2码流分析仪\软件工程\everstation_v4.42.20180818\libs_mpeg&dvb\mpeg_dvb_section\debug\x64\mpeg2_psi_section_cat.obj
e:\projects-mpeg2码流分析仪\软件工程\everstation_v4.42.20180818\libs_mpeg&dvb\mpeg_dvb_section\debug\x64\mpeg2_psi_descriptor.obj
e:\projects-mpeg2码流分析仪\软件工程\everstation_v4.42.20180818\libs_mpeg&dvb\mpeg_dvb_section\debug\x64\mpeg2_dsmcc_utilities.obj
e:\projects-mpeg2码流分析仪\软件工程\everstation_v4.42.20180818\libs_mpeg&dvb\mpeg_dvb_section\debug\x64\mpeg2_dsmcc_section_unm.obj
e:\projects-mpeg2码流分析仪\软件工程\everstation_v4.42.20180818\libs_mpeg&dvb\mpeg_dvb_section\debug\x64\mpeg2_dsmcc_section_ddm.obj
e:\projects-mpeg2码流分析仪\软件工程\everstation_v4.42.20180818\libs_mpeg&dvb\mpeg_dvb_section\debug\x64\mpeg2_dsmcc_section.obj
e:\projects-mpeg2码流分析仪\软件工程\everstation_v4.42.20180818\libs_mpeg&dvb\mpeg_dvb_section\debug\x64\mpeg_dvb_common_xml.obj
e:\projects-mpeg2码流分析仪\软件工程\everstation_v4.42.20180818\libs_mpeg&dvb\mpeg_dvb_section\debug\x64\mpeg2_psi_section_tsdt_xml.obj
e:\projects-mpeg2码流分析仪\软件工程\everstation_v4.42.20180818\libs_mpeg&dvb\mpeg_dvb_section\debug\x64\mpeg2_psi_section_pmt_xml.obj
e:\projects-mpeg2码流分析仪\软件工程\everstation_v4.42.20180818\libs_mpeg&dvb\mpeg_dvb_section\debug\x64\mpeg2_psi_section_pat_xml.obj
e:\projects-mpeg2码流分析仪\软件工程\everstation_v4.42.20180818\libs_mpeg&dvb\mpeg_dvb_section\debug\x64\mpeg2_psi_section_cat_xml.obj
e:\projects-mpeg2码流分析仪\软件工程\everstation_v4.42.20180818\libs_mpeg&dvb\mpeg_dvb_section\debug\x64\mpeg2_psi_descriptor_xml.obj
e:\projects-mpeg2码流分析仪\软件工程\everstation_v4.42.20180818\libs_mpeg&dvb\mpeg_dvb_section\debug\x64\mpeg2_dsmcc_section_xml.obj
e:\projects-mpeg2码流分析仪\软件工程\everstation_v4.42.20180818\libs_mpeg&dvb\mpeg_dvb_section\debug\x64\mpeg2_dsmcc_section_unm_xml.obj
e:\projects-mpeg2码流分析仪\软件工程\everstation_v4.42.20180818\libs_mpeg&dvb\mpeg_dvb_section\debug\x64\mpeg2_dsmcc_section_ddm_xml.obj
e:\projects-mpeg2码流分析仪\软件工程\everstation_v4.42.20180818\libs_mpeg&dvb\mpeg_dvb_section\debug\x64\mpeg2_dsmcc_descriptor_xml.obj
e:\projects-mpeg2码流分析仪\软件工程\everstation_v4.42.20180818\libs_mpeg&dvb\mpeg_dvb_section\debug\x64\dvb_si_section_tot_xml.obj
e:\projects-mpeg2码流分析仪\软件工程\everstation_v4.42.20180818\libs_mpeg&dvb\mpeg_dvb_section\debug\x64\dvb_si_section_tdt_xml.obj
e:\projects-mpeg2码流分析仪\软件工程\everstation_v4.42.20180818\libs_mpeg&dvb\mpeg_dvb_section\debug\x64\dvb_si_section_sdt_xml.obj
e:\projects-mpeg2码流分析仪\软件工程\everstation_v4.42.20180818\libs_mpeg&dvb\mpeg_dvb_section\debug\x64\dvb_si_section_rst_xml.obj
e:\projects-mpeg2码流分析仪\软件工程\everstation_v4.42.20180818\libs_mpeg&dvb\mpeg_dvb_section\debug\x64\dvb_si_section_nit_xml.obj
e:\projects-mpeg2码流分析仪\软件工程\everstation_v4.42.20180818\libs_mpeg&dvb\mpeg_dvb_section\debug\x64\dvb_si_section_eit_xml.obj
e:\projects-mpeg2码流分析仪\软件工程\everstation_v4.42.20180818\debug\x64\mpeg_dvb_sectiond(x64).ilk
e:\projects-mpeg2码流分析仪\软件工程\everstation_v4.42.20180818\debug\x64\mpeg_dvb_sectiond(x64).dll
e:\projects-mpeg2码流分析仪\软件工程\everstation_v4.42.20180818\debug\x64\mpeg_dvb_sectiond(x64).pdb
e:\projects-mpeg2码流分析仪\软件工程\everstation_v4.42.20180818\libs_mpeg&dvb\mpeg_dvb_section\lib\mpeg_dvb_sectiond(x64).lib
e:\projects-mpeg2码流分析仪\软件工程\everstation_v4.42.20180818\libs_mpeg&dvb\mpeg_dvb_section\lib\mpeg_dvb_sectiond(x64).exp
e:\projects-mpeg2码流分析仪\软件工程\everstation_v4.42.20180818\libs_mpeg&dvb\mpeg_dvb_section\debug\x64\mpeg_dvb_section.tlog\cl.command.1.tlog
e:\projects-mpeg2码流分析仪\软件工程\everstation_v4.42.20180818\libs_mpeg&dvb\mpeg_dvb_section\debug\x64\mpeg_dvb_section.tlog\cl.read.1.tlog
e:\projects-mpeg2码流分析仪\软件工程\everstation_v4.42.20180818\libs_mpeg&dvb\mpeg_dvb_section\debug\x64\mpeg_dvb_section.tlog\cl.write.1.tlog
e:\projects-mpeg2码流分析仪\软件工程\everstation_v4.42.20180818\libs_mpeg&dvb\mpeg_dvb_section\debug\x64\mpeg_dvb_section.tlog\link.command.1.tlog
e:\projects-mpeg2码流分析仪\软件工程\everstation_v4.42.20180818\libs_mpeg&dvb\mpeg_dvb_section\debug\x64\mpeg_dvb_section.tlog\link.read.1.tlog
e:\projects-mpeg2码流分析仪\软件工程\everstation_v4.42.20180818\libs_mpeg&dvb\mpeg_dvb_section\debug\x64\mpeg_dvb_section.tlog\link.write.1.tlog
e:\projects-mpeg2码流分析仪\软件工程\everstation_v4.42.20180818\libs_mpeg&dvb\mpeg_dvb_section\debug\x64\mpeg_dvb_section.tlog\mpeg_dvb_section.write.1u.tlog
