e:\projects-mpeg2码流分析仪\软件工程\everstationii\thirdparty_libs\glog\release\x64\vc141.pdb
e:\projects-mpeg2码流分析仪\软件工程\everstationii\thirdparty_libs\glog\release\x64\port.obj
e:\projects-mpeg2码流分析仪\软件工程\everstationii\thirdparty_libs\glog\release\x64\vlog_is_on.obj
e:\projects-mpeg2码流分析仪\软件工程\everstationii\thirdparty_libs\glog\release\x64\utilities.obj
e:\projects-mpeg2码流分析仪\软件工程\everstationii\thirdparty_libs\glog\release\x64\symbolize.obj
e:\projects-mpeg2码流分析仪\软件工程\everstationii\thirdparty_libs\glog\release\x64\signalhandler.obj
e:\projects-mpeg2码流分析仪\软件工程\everstationii\thirdparty_libs\glog\release\x64\raw_logging.obj
e:\projects-mpeg2码流分析仪\软件工程\everstationii\thirdparty_libs\glog\release\x64\logging.obj
e:\projects-mpeg2码流分析仪\软件工程\everstationii\thirdparty_libs\glog\release\x64\demangle.obj
e:\projects-mpeg2码流分析仪\软件工程\everstationii\thirdparty_libs\glog\lib\glog(x64).lib
e:\projects-mpeg2码流分析仪\软件工程\everstationii\thirdparty_libs\glog\lib\glog(x64).exp
e:\projects-mpeg2码流分析仪\软件工程\everstationii\release\x64\glog(x64).ipdb
e:\projects-mpeg2码流分析仪\软件工程\everstationii\release\x64\glog(x64).iobj
e:\projects-mpeg2码流分析仪\软件工程\everstationii\release\x64\glog(x64).dll
e:\projects-mpeg2码流分析仪\软件工程\everstationii\release\x64\glog(x64).pdb
e:\projects-mpeg2码流分析仪\软件工程\everstationii\thirdparty_libs\glog\release\x64\glog.tlog\cl.command.1.tlog
e:\projects-mpeg2码流分析仪\软件工程\everstationii\thirdparty_libs\glog\release\x64\glog.tlog\cl.read.1.tlog
e:\projects-mpeg2码流分析仪\软件工程\everstationii\thirdparty_libs\glog\release\x64\glog.tlog\cl.write.1.tlog
e:\projects-mpeg2码流分析仪\软件工程\everstationii\thirdparty_libs\glog\release\x64\glog.tlog\glog.write.1u.tlog
e:\projects-mpeg2码流分析仪\软件工程\everstationii\thirdparty_libs\glog\release\x64\glog.tlog\link.command.1.tlog
e:\projects-mpeg2码流分析仪\软件工程\everstationii\thirdparty_libs\glog\release\x64\glog.tlog\link.read.1.tlog
e:\projects-mpeg2码流分析仪\软件工程\everstationii\thirdparty_libs\glog\release\x64\glog.tlog\link.write.1.tlog
