e:\projects-mpeg2码流分析仪\软件工程\everstationii\thirdparty_libs\glog\debug\win32\vc141.pdb
e:\projects-mpeg2码流分析仪\软件工程\everstationii\thirdparty_libs\glog\debug\win32\vc141.idb
e:\projects-mpeg2码流分析仪\软件工程\everstationii\thirdparty_libs\glog\debug\win32\port.obj
e:\projects-mpeg2码流分析仪\软件工程\everstationii\thirdparty_libs\glog\debug\win32\vlog_is_on.obj
e:\projects-mpeg2码流分析仪\软件工程\everstationii\thirdparty_libs\glog\debug\win32\utilities.obj
e:\projects-mpeg2码流分析仪\软件工程\everstationii\thirdparty_libs\glog\debug\win32\symbolize.obj
e:\projects-mpeg2码流分析仪\软件工程\everstationii\thirdparty_libs\glog\debug\win32\signalhandler.obj
e:\projects-mpeg2码流分析仪\软件工程\everstationii\thirdparty_libs\glog\debug\win32\raw_logging.obj
e:\projects-mpeg2码流分析仪\软件工程\everstationii\thirdparty_libs\glog\debug\win32\logging.obj
e:\projects-mpeg2码流分析仪\软件工程\everstationii\thirdparty_libs\glog\debug\win32\demangle.obj
e:\projects-mpeg2码流分析仪\软件工程\everstationii\debug\win32\glogd(x32).ilk
e:\projects-mpeg2码流分析仪\软件工程\everstationii\debug\win32\glogd(x32).dll
e:\projects-mpeg2码流分析仪\软件工程\everstationii\debug\win32\glogd(x32).pdb
e:\projects-mpeg2码流分析仪\软件工程\everstationii\thirdparty_libs\glog\lib\glogd(x32).lib
e:\projects-mpeg2码流分析仪\软件工程\everstationii\thirdparty_libs\glog\lib\glogd(x32).exp
e:\projects-mpeg2码流分析仪\软件工程\everstationii\thirdparty_libs\glog\debug\win32\thirdparty_glog.tlog\cl.command.1.tlog
e:\projects-mpeg2码流分析仪\软件工程\everstationii\thirdparty_libs\glog\debug\win32\thirdparty_glog.tlog\cl.read.1.tlog
e:\projects-mpeg2码流分析仪\软件工程\everstationii\thirdparty_libs\glog\debug\win32\thirdparty_glog.tlog\cl.write.1.tlog
e:\projects-mpeg2码流分析仪\软件工程\everstationii\thirdparty_libs\glog\debug\win32\thirdparty_glog.tlog\link.command.1.tlog
e:\projects-mpeg2码流分析仪\软件工程\everstationii\thirdparty_libs\glog\debug\win32\thirdparty_glog.tlog\link.read.1.tlog
e:\projects-mpeg2码流分析仪\软件工程\everstationii\thirdparty_libs\glog\debug\win32\thirdparty_glog.tlog\link.write.1.tlog
e:\projects-mpeg2码流分析仪\软件工程\everstationii\thirdparty_libs\glog\debug\win32\thirdparty_glog.tlog\thirdparty_glog.write.1u.tlog
