e:\open_source_code_for_vc\everstationii\middleware\middleware_utilities\debug\x64\middleware_utilitiesd(x64).pch
e:\open_source_code_for_vc\everstationii\middleware\middleware_utilities\debug\x64\vc141.pdb
e:\open_source_code_for_vc\everstationii\middleware\middleware_utilities\debug\x64\vc141.idb
e:\open_source_code_for_vc\everstationii\middleware\middleware_utilities\debug\x64\stdafx.obj
e:\open_source_code_for_vc\everstationii\middleware\middleware_utilities\debug\x64\middleware_utilities.obj
e:\open_source_code_for_vc\everstationii\middleware\middleware_utilities\debug\x64\dllmain.obj
e:\open_source_code_for_vc\everstationii\debug\x64\middleware_utilitiesd(x64).ilk
e:\open_source_code_for_vc\everstationii\debug\x64\middleware_utilitiesd(x64).dll
e:\open_source_code_for_vc\everstationii\debug\x64\middleware_utilitiesd(x64).pdb
e:\open_source_code_for_vc\everstationii\middleware\middleware_utilities\lib\middleware_utilitiesd(x64).lib
e:\open_source_code_for_vc\everstationii\middleware\middleware_utilities\lib\middleware_utilitiesd(x64).exp
e:\projects-mpeg2码流分析仪\软件工程\everstationii\middleware\middleware_utilities\debug\x64\dllmain.obj
e:\projects-mpeg2码流分析仪\软件工程\everstationii\middleware\middleware_utilities\debug\x64\middleware_utilities.obj
e:\projects-mpeg2码流分析仪\软件工程\everstationii\middleware\middleware_utilities\debug\x64\stdafx.obj
e:\projects-mpeg2码流分析仪\软件工程\everstationii\middleware\middleware_utilities\debug\x64\middleware_utilitiesd(x64).pch
e:\projects-mpeg2码流分析仪\软件工程\everstationii\middleware\middleware_utilities\debug\x64\vc141.idb
e:\projects-mpeg2码流分析仪\软件工程\everstationii\middleware\middleware_utilities\debug\x64\vc141.pdb
e:\projects-mpeg2码流分析仪\软件工程\everstationii\debug\x64\middleware_utilitiesd(x64).pdb
e:\projects-mpeg2码流分析仪\软件工程\everstationii\debug\x64\middleware_utilitiesd(x64).dll
e:\projects-mpeg2码流分析仪\软件工程\everstationii\debug\x64\middleware_utilitiesd(x64).ilk
e:\projects-mpeg2码流分析仪\软件工程\everstationii\middleware\middleware_utilities\debug\x64\middlewa.930549a3.tlog\cl.command.1.tlog
e:\projects-mpeg2码流分析仪\软件工程\everstationii\middleware\middleware_utilities\debug\x64\middlewa.930549a3.tlog\cl.read.1.tlog
e:\projects-mpeg2码流分析仪\软件工程\everstationii\middleware\middleware_utilities\debug\x64\middlewa.930549a3.tlog\cl.write.1.tlog
e:\projects-mpeg2码流分析仪\软件工程\everstationii\middleware\middleware_utilities\debug\x64\middlewa.930549a3.tlog\link.command.1.tlog
e:\projects-mpeg2码流分析仪\软件工程\everstationii\middleware\middleware_utilities\debug\x64\middlewa.930549a3.tlog\link.read.1.tlog
e:\projects-mpeg2码流分析仪\软件工程\everstationii\middleware\middleware_utilities\debug\x64\middlewa.930549a3.tlog\link.write.1.tlog
e:\projects-mpeg2码流分析仪\软件工程\everstationii\middleware\middleware_utilities\debug\x64\middlewa.930549a3.tlog\middleware_utilities.write.1u.tlog
