e:\projects-mpeg2码流分析仪\软件工程\everstation_v4.31.20180610\middleware\middleware_tools\debug\x64\middleware_toolsd(x64).pch
e:\projects-mpeg2码流分析仪\软件工程\everstation_v4.31.20180610\middleware\middleware_tools\debug\x64\vc141.pdb
e:\projects-mpeg2码流分析仪\软件工程\everstation_v4.31.20180610\middleware\middleware_tools\debug\x64\vc141.idb
e:\projects-mpeg2码流分析仪\软件工程\everstation_v4.31.20180610\middleware\middleware_tools\debug\x64\stdafx.obj
e:\projects-mpeg2码流分析仪\软件工程\everstation_v4.31.20180610\middleware\middleware_tools\debug\x64\video_width_height_api.obj
e:\projects-mpeg2码流分析仪\软件工程\everstation_v4.31.20180610\middleware\middleware_tools\debug\x64\mpeg2_dictionary.obj
e:\projects-mpeg2码流分析仪\软件工程\everstation_v4.31.20180610\middleware\middleware_tools\debug\x64\datatypechange.obj
e:\projects-mpeg2码流分析仪\软件工程\everstation_v4.31.20180610\middleware\middleware_tools\debug\x64\cdl_error.obj
e:\projects-mpeg2码流分析仪\软件工程\everstation_v4.31.20180610\middleware\middleware_tools\debug\x64\dllmain.obj
e:\projects-mpeg2码流分析仪\软件工程\everstation_v4.31.20180610\debug\x64\middleware_toolsd(x64).ilk
e:\projects-mpeg2码流分析仪\软件工程\everstation_v4.31.20180610\debug\x64\middleware_toolsd(x64).dll
e:\projects-mpeg2码流分析仪\软件工程\everstation_v4.31.20180610\debug\x64\middleware_toolsd(x64).pdb
e:\projects-mpeg2码流分析仪\软件工程\everstation_v4.31.20180610\middleware\middleware_tools\lib\middleware_toolsd(x64).lib
e:\projects-mpeg2码流分析仪\软件工程\everstation_v4.31.20180610\middleware\middleware_tools\lib\middleware_toolsd(x64).exp
e:\projects-mpeg2码流分析仪\软件工程\everstation_v4.31.20180610\middleware\middleware_tools\debug\x64\middleware_tools.tlog\cl.command.1.tlog
e:\projects-mpeg2码流分析仪\软件工程\everstation_v4.31.20180610\middleware\middleware_tools\debug\x64\middleware_tools.tlog\cl.read.1.tlog
e:\projects-mpeg2码流分析仪\软件工程\everstation_v4.31.20180610\middleware\middleware_tools\debug\x64\middleware_tools.tlog\cl.write.1.tlog
e:\projects-mpeg2码流分析仪\软件工程\everstation_v4.31.20180610\middleware\middleware_tools\debug\x64\middleware_tools.tlog\link.command.1.tlog
e:\projects-mpeg2码流分析仪\软件工程\everstation_v4.31.20180610\middleware\middleware_tools\debug\x64\middleware_tools.tlog\link.read.1.tlog
e:\projects-mpeg2码流分析仪\软件工程\everstation_v4.31.20180610\middleware\middleware_tools\debug\x64\middleware_tools.tlog\link.write.1.tlog
e:\projects-mpeg2码流分析仪\软件工程\everstation_v4.31.20180610\middleware\middleware_tools\debug\x64\middleware_tools.tlog\middleware_tools.write.1u.tlog
