e:\projects-mpeg2码流分析仪\软件工程\everstation_v4.42.20180818\libs_es\es_ac3\debug\x64\es_ac3d(x64).pch
e:\projects-mpeg2码流分析仪\软件工程\everstation_v4.42.20180818\libs_es\es_ac3\debug\x64\vc141.pdb
e:\projects-mpeg2码流分析仪\软件工程\everstation_v4.42.20180818\libs_es\es_ac3\debug\x64\vc141.idb
e:\projects-mpeg2码流分析仪\软件工程\everstation_v4.42.20180818\libs_es\es_ac3\debug\x64\stdafx.obj
e:\projects-mpeg2码流分析仪\软件工程\everstation_v4.42.20180818\libs_es\es_ac3\debug\x64\ac3_audio_sequence_xml.obj
e:\projects-mpeg2码流分析仪\软件工程\everstation_v4.42.20180818\libs_es\es_ac3\debug\x64\ac3_audio_utilities.obj
e:\projects-mpeg2码流分析仪\软件工程\everstation_v4.42.20180818\libs_es\es_ac3\debug\x64\ac3_audio_sequence.obj
e:\projects-mpeg2码流分析仪\软件工程\everstation_v4.42.20180818\libs_es\es_ac3\debug\x64\dllmain.obj
e:\projects-mpeg2码流分析仪\软件工程\everstation_v4.42.20180818\libs_es\es_ac3\lib\es_ac3d(x64).lib
e:\projects-mpeg2码流分析仪\软件工程\everstation_v4.42.20180818\libs_es\es_ac3\lib\es_ac3d(x64).exp
e:\projects-mpeg2码流分析仪\软件工程\everstation_v4.42.20180818\debug\x64\es_ac3d(x64).dll
e:\projects-mpeg2码流分析仪\软件工程\everstation_v4.42.20180818\debug\x64\es_ac3d(x64).ilk
e:\projects-mpeg2码流分析仪\软件工程\everstation_v4.42.20180818\debug\x64\es_ac3d(x64).pdb
e:\projects-mpeg2码流分析仪\软件工程\everstation_v4.42.20180818\libs_es\es_ac3\debug\x64\es_ac3.tlog\cl.command.1.tlog
e:\projects-mpeg2码流分析仪\软件工程\everstation_v4.42.20180818\libs_es\es_ac3\debug\x64\es_ac3.tlog\cl.read.1.tlog
e:\projects-mpeg2码流分析仪\软件工程\everstation_v4.42.20180818\libs_es\es_ac3\debug\x64\es_ac3.tlog\cl.write.1.tlog
e:\projects-mpeg2码流分析仪\软件工程\everstation_v4.42.20180818\libs_es\es_ac3\debug\x64\es_ac3.tlog\es_ac3.write.1u.tlog
e:\projects-mpeg2码流分析仪\软件工程\everstation_v4.42.20180818\libs_es\es_ac3\debug\x64\es_ac3.tlog\link.command.1.tlog
e:\projects-mpeg2码流分析仪\软件工程\everstation_v4.42.20180818\libs_es\es_ac3\debug\x64\es_ac3.tlog\link.read.1.tlog
e:\projects-mpeg2码流分析仪\软件工程\everstation_v4.42.20180818\libs_es\es_ac3\debug\x64\es_ac3.tlog\link.write.1.tlog
