e:\projects-mpeg2码流分析仪\软件工程\everstation_v4.42.20180818\libs_es\es_dra\debug\x64\es_drad(x64).pch
e:\projects-mpeg2码流分析仪\软件工程\everstation_v4.42.20180818\libs_es\es_dra\debug\x64\vc141.pdb
e:\projects-mpeg2码流分析仪\软件工程\everstation_v4.42.20180818\libs_es\es_dra\debug\x64\vc141.idb
e:\projects-mpeg2码流分析仪\软件工程\everstation_v4.42.20180818\libs_es\es_dra\debug\x64\stdafx.obj
e:\projects-mpeg2码流分析仪\软件工程\everstation_v4.42.20180818\libs_es\es_dra\debug\x64\dra_audio_sequence_xml.obj
e:\projects-mpeg2码流分析仪\软件工程\everstation_v4.42.20180818\libs_es\es_dra\debug\x64\dra_audio_utilites.obj
e:\projects-mpeg2码流分析仪\软件工程\everstation_v4.42.20180818\libs_es\es_dra\debug\x64\dra_audio_sequence.obj
e:\projects-mpeg2码流分析仪\软件工程\everstation_v4.42.20180818\libs_es\es_dra\debug\x64\dllmain.obj
e:\projects-mpeg2码流分析仪\软件工程\everstation_v4.42.20180818\libs_es\es_dra\lib\es_drad(x64).lib
e:\projects-mpeg2码流分析仪\软件工程\everstation_v4.42.20180818\libs_es\es_dra\lib\es_drad(x64).exp
e:\projects-mpeg2码流分析仪\软件工程\everstation_v4.42.20180818\debug\x64\es_drad(x64).dll
e:\projects-mpeg2码流分析仪\软件工程\everstation_v4.42.20180818\debug\x64\es_drad(x64).ilk
e:\projects-mpeg2码流分析仪\软件工程\everstation_v4.42.20180818\debug\x64\es_drad(x64).pdb
e:\projects-mpeg2码流分析仪\软件工程\everstation_v4.42.20180818\libs_es\es_dra\debug\x64\es_dra.tlog\cl.command.1.tlog
e:\projects-mpeg2码流分析仪\软件工程\everstation_v4.42.20180818\libs_es\es_dra\debug\x64\es_dra.tlog\cl.read.1.tlog
e:\projects-mpeg2码流分析仪\软件工程\everstation_v4.42.20180818\libs_es\es_dra\debug\x64\es_dra.tlog\cl.write.1.tlog
e:\projects-mpeg2码流分析仪\软件工程\everstation_v4.42.20180818\libs_es\es_dra\debug\x64\es_dra.tlog\es_dra.write.1u.tlog
e:\projects-mpeg2码流分析仪\软件工程\everstation_v4.42.20180818\libs_es\es_dra\debug\x64\es_dra.tlog\link.command.1.tlog
e:\projects-mpeg2码流分析仪\软件工程\everstation_v4.42.20180818\libs_es\es_dra\debug\x64\es_dra.tlog\link.read.1.tlog
e:\projects-mpeg2码流分析仪\软件工程\everstation_v4.42.20180818\libs_es\es_dra\debug\x64\es_dra.tlog\link.write.1.tlog
