e:\projects-mpeg2码流分析仪\软件工程\everstationii\middleware\middleware_esdecoder\release\x64\middleware_esdecoder(x64).pch
e:\projects-mpeg2码流分析仪\软件工程\everstationii\middleware\middleware_esdecoder\release\x64\vc141.pdb
e:\projects-mpeg2码流分析仪\软件工程\everstationii\middleware\middleware_esdecoder\release\x64\stdafx.obj
e:\projects-mpeg2码流分析仪\软件工程\everstationii\middleware\middleware_esdecoder\release\x64\dllmain.obj
e:\projects-mpeg2码流分析仪\软件工程\everstationii\middleware\middleware_esdecoder\release\x64\videodecoder_yuv.obj
e:\projects-mpeg2码流分析仪\软件工程\everstationii\middleware\middleware_esdecoder\release\x64\vesdecoder.obj
e:\projects-mpeg2码流分析仪\软件工程\everstationii\middleware\middleware_esdecoder\release\x64\esdecoder_utilities.obj
e:\projects-mpeg2码流分析仪\软件工程\everstationii\middleware\middleware_esdecoder\release\x64\esdecoder.obj
e:\projects-mpeg2码流分析仪\软件工程\everstationii\release\x64\middleware_esdecoder(x64).dll
e:\projects-mpeg2码流分析仪\软件工程\everstationii\release\x64\middleware_esdecoder(x64).pdb
e:\projects-mpeg2码流分析仪\软件工程\everstationii\middleware\middleware_esdecoder\lib\middleware_esdecoder(x64).lib
e:\projects-mpeg2码流分析仪\软件工程\everstationii\middleware\middleware_esdecoder\lib\middleware_esdecoder(x64).exp
e:\projects-mpeg2码流分析仪\软件工程\everstationii\release\x64\middleware_esdecoder(x64).ipdb
e:\projects-mpeg2码流分析仪\软件工程\everstationii\release\x64\middleware_esdecoder(x64).iobj
e:\projects-mpeg2码流分析仪\软件工程\everstationii\middleware\middleware_esdecoder\release\x64\middlewa.dcc2d843.tlog\cl.command.1.tlog
e:\projects-mpeg2码流分析仪\软件工程\everstationii\middleware\middleware_esdecoder\release\x64\middlewa.dcc2d843.tlog\cl.read.1.tlog
e:\projects-mpeg2码流分析仪\软件工程\everstationii\middleware\middleware_esdecoder\release\x64\middlewa.dcc2d843.tlog\cl.write.1.tlog
e:\projects-mpeg2码流分析仪\软件工程\everstationii\middleware\middleware_esdecoder\release\x64\middlewa.dcc2d843.tlog\link.command.1.tlog
e:\projects-mpeg2码流分析仪\软件工程\everstationii\middleware\middleware_esdecoder\release\x64\middlewa.dcc2d843.tlog\link.read.1.tlog
e:\projects-mpeg2码流分析仪\软件工程\everstationii\middleware\middleware_esdecoder\release\x64\middlewa.dcc2d843.tlog\link.write.1.tlog
e:\projects-mpeg2码流分析仪\软件工程\everstationii\middleware\middleware_esdecoder\release\x64\middlewa.dcc2d843.tlog\middleware_esdecoder.write.1u.tlog
