e:\open_source_code_for_vc\everstationii\libs_mpeg&dvb\mpeg_pespacket\debug\x64\mpeg_pespacketd(x64).pch
e:\open_source_code_for_vc\everstationii\libs_mpeg&dvb\mpeg_pespacket\debug\x64\vc141.pdb
e:\open_source_code_for_vc\everstationii\libs_mpeg&dvb\mpeg_pespacket\debug\x64\vc141.idb
e:\open_source_code_for_vc\everstationii\libs_mpeg&dvb\mpeg_pespacket\debug\x64\stdafx.obj
e:\open_source_code_for_vc\everstationii\libs_mpeg&dvb\mpeg_pespacket\debug\x64\mpeg_pes_uitilites.obj
e:\open_source_code_for_vc\everstationii\libs_mpeg&dvb\mpeg_pespacket\debug\x64\mpeg_pes_packet.obj
e:\open_source_code_for_vc\everstationii\libs_mpeg&dvb\mpeg_pespacket\debug\x64\dllmain.obj
e:\open_source_code_for_vc\everstationii\libs_mpeg&dvb\mpeg_pespacket\debug\x64\mpeg_pes_packet_xml.obj
e:\open_source_code_for_vc\everstationii\debug\x64\mpeg_pespacketd(x64).ilk
e:\open_source_code_for_vc\everstationii\debug\x64\mpeg_pespacketd(x64).dll
e:\open_source_code_for_vc\everstationii\debug\x64\mpeg_pespacketd(x64).pdb
e:\open_source_code_for_vc\everstationii\libs_mpeg&dvb\mpeg_pespacket\lib\mpeg_pespacketd(x64).lib
e:\open_source_code_for_vc\everstationii\libs_mpeg&dvb\mpeg_pespacket\lib\mpeg_pespacketd(x64).exp
e:\open_source_code_for_vc\everstationii\libs_mpeg&dvb\mpeg_pespacket\debug\x64\mpeg_pespacket.tlog\cl.command.1.tlog
e:\open_source_code_for_vc\everstationii\libs_mpeg&dvb\mpeg_pespacket\debug\x64\mpeg_pespacket.tlog\cl.read.1.tlog
e:\open_source_code_for_vc\everstationii\libs_mpeg&dvb\mpeg_pespacket\debug\x64\mpeg_pespacket.tlog\cl.write.1.tlog
e:\open_source_code_for_vc\everstationii\libs_mpeg&dvb\mpeg_pespacket\debug\x64\mpeg_pespacket.tlog\link.command.1.tlog
e:\open_source_code_for_vc\everstationii\libs_mpeg&dvb\mpeg_pespacket\debug\x64\mpeg_pespacket.tlog\link.read.1.tlog
e:\open_source_code_for_vc\everstationii\libs_mpeg&dvb\mpeg_pespacket\debug\x64\mpeg_pespacket.tlog\link.write.1.tlog
e:\open_source_code_for_vc\everstationii\libs_mpeg&dvb\mpeg_pespacket\debug\x64\mpeg_pespacket.tlog\mpeg_pespacket.write.1u.tlog
