e:\open_source_code_for_vc\everstationii\libs_es\es_mpa\debug\x64\es_mpad(x64).pch
e:\open_source_code_for_vc\everstationii\libs_es\es_mpa\debug\x64\vc141.pdb
e:\open_source_code_for_vc\everstationii\libs_es\es_mpa\debug\x64\vc141.idb
e:\open_source_code_for_vc\everstationii\libs_es\es_mpa\debug\x64\stdafx.obj
e:\open_source_code_for_vc\everstationii\libs_es\es_mpa\debug\x64\mpeg_audio_sequence_xml.obj
e:\open_source_code_for_vc\everstationii\libs_es\es_mpa\debug\x64\mpeg_audio_utilities.obj
e:\open_source_code_for_vc\everstationii\libs_es\es_mpa\debug\x64\mpeg_audio_sequence.obj
e:\open_source_code_for_vc\everstationii\libs_es\es_mpa\debug\x64\mpeg_audiotables.obj
e:\open_source_code_for_vc\everstationii\libs_es\es_mpa\debug\x64\mpeg_allocatetables.obj
e:\open_source_code_for_vc\everstationii\libs_es\es_mpa\debug\x64\dllmain.obj
e:\open_source_code_for_vc\everstationii\libs_es\es_mpa\lib\es_mpad(x64).lib
e:\open_source_code_for_vc\everstationii\libs_es\es_mpa\lib\es_mpad(x64).exp
e:\open_source_code_for_vc\everstationii\debug\x64\es_mpad(x64).dll
e:\open_source_code_for_vc\everstationii\debug\x64\es_mpad(x64).ilk
e:\open_source_code_for_vc\everstationii\debug\x64\es_mpad(x64).pdb
e:\open_source_code_for_vc\everstationii\libs_es\es_mpa\debug\x64\es_mpa.tlog\cl.command.1.tlog
e:\open_source_code_for_vc\everstationii\libs_es\es_mpa\debug\x64\es_mpa.tlog\cl.read.1.tlog
e:\open_source_code_for_vc\everstationii\libs_es\es_mpa\debug\x64\es_mpa.tlog\cl.write.1.tlog
e:\open_source_code_for_vc\everstationii\libs_es\es_mpa\debug\x64\es_mpa.tlog\es_mpa.write.1u.tlog
e:\open_source_code_for_vc\everstationii\libs_es\es_mpa\debug\x64\es_mpa.tlog\link.command.1.tlog
e:\open_source_code_for_vc\everstationii\libs_es\es_mpa\debug\x64\es_mpa.tlog\link.read.1.tlog
e:\open_source_code_for_vc\everstationii\libs_es\es_mpa\debug\x64\es_mpa.tlog\link.write.1.tlog
