e:\projects-mpeg2码流分析仪\软件工程\everstationii\syntax_express_xml\xml_mpeg2_dvb_section\release\x64\xml_mpeg2_dvb_section(x64).pch
e:\projects-mpeg2码流分析仪\软件工程\everstationii\syntax_express_xml\xml_mpeg2_dvb_section\release\x64\vc141.pdb
e:\projects-mpeg2码流分析仪\软件工程\everstationii\syntax_express_xml\xml_mpeg2_dvb_section\release\x64\stdafx.obj
e:\projects-mpeg2码流分析仪\软件工程\everstationii\syntax_express_xml\xml_mpeg2_dvb_section\release\x64\dvb_si_section_bat_xml.obj
e:\projects-mpeg2码流分析仪\软件工程\everstationii\syntax_express_xml\xml_mpeg2_dvb_section\release\x64\dvb_si_descriptor_xml.obj
e:\projects-mpeg2码流分析仪\软件工程\everstationii\syntax_express_xml\xml_mpeg2_dvb_section\release\x64\dvb_mhp_section_ait_xml.obj
e:\projects-mpeg2码流分析仪\软件工程\everstationii\syntax_express_xml\xml_mpeg2_dvb_section\release\x64\dvb_mhp_descriptor_xml.obj
e:\projects-mpeg2码流分析仪\软件工程\everstationii\syntax_express_xml\xml_mpeg2_dvb_section\release\x64\dvb_ipdc_section_mpe_xml.obj
e:\projects-mpeg2码流分析仪\软件工程\everstationii\syntax_express_xml\xml_mpeg2_dvb_section\release\x64\dvb_ipdc_section_int_xml.obj
e:\projects-mpeg2码流分析仪\软件工程\everstationii\syntax_express_xml\xml_mpeg2_dvb_section\release\x64\dvb_ipdc_descriptor_xml.obj
e:\projects-mpeg2码流分析仪\软件工程\everstationii\syntax_express_xml\xml_mpeg2_dvb_section\release\x64\dvb_databroadcast_xml.obj
e:\projects-mpeg2码流分析仪\软件工程\everstationii\syntax_express_xml\xml_mpeg2_dvb_section\release\x64\mpeg2_dsmcc_unm_xml.obj
e:\projects-mpeg2码流分析仪\软件工程\everstationii\syntax_express_xml\xml_mpeg2_dvb_section\release\x64\mpeg2_dsmcc_unm_dsi_xml.obj
e:\projects-mpeg2码流分析仪\软件工程\everstationii\syntax_express_xml\xml_mpeg2_dvb_section\release\x64\mpeg2_dsmcc_unm_dsi_oc_xml.obj
e:\projects-mpeg2码流分析仪\软件工程\everstationii\syntax_express_xml\xml_mpeg2_dvb_section\release\x64\mpeg2_dsmcc_unm_dsi_dc_xml.obj
e:\projects-mpeg2码流分析仪\软件工程\everstationii\syntax_express_xml\xml_mpeg2_dvb_section\release\x64\mpeg2_dsmcc_unm_dii_xml.obj
e:\projects-mpeg2码流分析仪\软件工程\everstationii\syntax_express_xml\xml_mpeg2_dvb_section\release\x64\mpeg2_dsmcc_unm_dii_oc_xml.obj
e:\projects-mpeg2码流分析仪\软件工程\everstationii\syntax_express_xml\xml_mpeg2_dvb_section\release\x64\mpeg2_dsmcc_unm_dii_dc_xml.obj
e:\projects-mpeg2码流分析仪\软件工程\everstationii\syntax_express_xml\xml_mpeg2_dvb_section\release\x64\mpeg2_dsmcc_ddm_xml.obj
e:\projects-mpeg2码流分析仪\软件工程\everstationii\syntax_express_xml\xml_mpeg2_dvb_section\release\x64\mpeg2_dsmcc_ddm_ddb_xml.obj
e:\projects-mpeg2码流分析仪\软件工程\everstationii\syntax_express_xml\xml_mpeg2_dvb_section\release\x64\mpeg2_dsmcc_ddm_ddb_oc_xml.obj
e:\projects-mpeg2码流分析仪\软件工程\everstationii\syntax_express_xml\xml_mpeg2_dvb_section\release\x64\mpeg2_dsmcc_ddm_ddb_dc_xml.obj
e:\projects-mpeg2码流分析仪\软件工程\everstationii\syntax_express_xml\xml_mpeg2_dvb_section\release\x64\mpeg2_dsmcc_biop_xml.obj
e:\projects-mpeg2码流分析仪\软件工程\everstationii\syntax_express_xml\xml_mpeg2_dvb_section\release\x64\dllmain.obj
e:\projects-mpeg2码流分析仪\软件工程\everstationii\syntax_express_xml\xml_mpeg2_dvb_section\release\x64\mpeg_dvb_common_xml.obj
e:\projects-mpeg2码流分析仪\软件工程\everstationii\syntax_express_xml\xml_mpeg2_dvb_section\release\x64\mpeg2_psi_section_tsdt_xml.obj
e:\projects-mpeg2码流分析仪\软件工程\everstationii\syntax_express_xml\xml_mpeg2_dvb_section\release\x64\mpeg2_psi_section_pmt_xml.obj
e:\projects-mpeg2码流分析仪\软件工程\everstationii\syntax_express_xml\xml_mpeg2_dvb_section\release\x64\mpeg2_psi_section_pat_xml.obj
e:\projects-mpeg2码流分析仪\软件工程\everstationii\syntax_express_xml\xml_mpeg2_dvb_section\release\x64\mpeg2_psi_section_cat_xml.obj
e:\projects-mpeg2码流分析仪\软件工程\everstationii\syntax_express_xml\xml_mpeg2_dvb_section\release\x64\mpeg2_psi_descriptor_xml.obj
e:\projects-mpeg2码流分析仪\软件工程\everstationii\syntax_express_xml\xml_mpeg2_dvb_section\release\x64\mpeg2_dsmcc_section_xml.obj
e:\projects-mpeg2码流分析仪\软件工程\everstationii\syntax_express_xml\xml_mpeg2_dvb_section\release\x64\mpeg2_dsmcc_descriptor_xml.obj
e:\projects-mpeg2码流分析仪\软件工程\everstationii\syntax_express_xml\xml_mpeg2_dvb_section\release\x64\dvb_si_section_tot_xml.obj
e:\projects-mpeg2码流分析仪\软件工程\everstationii\syntax_express_xml\xml_mpeg2_dvb_section\release\x64\dvb_si_section_tdt_xml.obj
e:\projects-mpeg2码流分析仪\软件工程\everstationii\syntax_express_xml\xml_mpeg2_dvb_section\release\x64\dvb_si_section_sdt_xml.obj
e:\projects-mpeg2码流分析仪\软件工程\everstationii\syntax_express_xml\xml_mpeg2_dvb_section\release\x64\dvb_si_section_rst_xml.obj
e:\projects-mpeg2码流分析仪\软件工程\everstationii\syntax_express_xml\xml_mpeg2_dvb_section\release\x64\dvb_si_section_nit_xml.obj
e:\projects-mpeg2码流分析仪\软件工程\everstationii\syntax_express_xml\xml_mpeg2_dvb_section\release\x64\dvb_si_section_eit_xml.obj
e:\projects-mpeg2码流分析仪\软件工程\everstationii\syntax_express_xml\xml_mpeg2_dvb_section\release\x64\dvb_si_section_cmt_xml.obj
e:\projects-mpeg2码流分析仪\软件工程\everstationii\release\x64\xml_mpeg2_dvb_section(x64).dll
e:\projects-mpeg2码流分析仪\软件工程\everstationii\release\x64\xml_mpeg2_dvb_section(x64).pdb
e:\projects-mpeg2码流分析仪\软件工程\everstationii\syntax_express_xml\xml_mpeg2_dvb_section\lib\xml_mpeg2_dvb_section(x64).lib
e:\projects-mpeg2码流分析仪\软件工程\everstationii\syntax_express_xml\xml_mpeg2_dvb_section\lib\xml_mpeg2_dvb_section(x64).exp
e:\projects-mpeg2码流分析仪\软件工程\everstationii\release\x64\xml_mpeg2_dvb_section(x64).ipdb
e:\projects-mpeg2码流分析仪\软件工程\everstationii\release\x64\xml_mpeg2_dvb_section(x64).iobj
e:\projects-mpeg2码流分析仪\软件工程\everstationii\syntax_express_xml\xml_mpeg2_dvb_section\release\x64\sel_xml_.445eccbc.tlog\cl.command.1.tlog
e:\projects-mpeg2码流分析仪\软件工程\everstationii\syntax_express_xml\xml_mpeg2_dvb_section\release\x64\sel_xml_.445eccbc.tlog\cl.read.1.tlog
e:\projects-mpeg2码流分析仪\软件工程\everstationii\syntax_express_xml\xml_mpeg2_dvb_section\release\x64\sel_xml_.445eccbc.tlog\cl.write.1.tlog
e:\projects-mpeg2码流分析仪\软件工程\everstationii\syntax_express_xml\xml_mpeg2_dvb_section\release\x64\sel_xml_.445eccbc.tlog\link.command.1.tlog
e:\projects-mpeg2码流分析仪\软件工程\everstationii\syntax_express_xml\xml_mpeg2_dvb_section\release\x64\sel_xml_.445eccbc.tlog\link.read.1.tlog
e:\projects-mpeg2码流分析仪\软件工程\everstationii\syntax_express_xml\xml_mpeg2_dvb_section\release\x64\sel_xml_.445eccbc.tlog\link.write.1.tlog
e:\projects-mpeg2码流分析仪\软件工程\everstationii\syntax_express_xml\xml_mpeg2_dvb_section\release\x64\sel_xml_.445eccbc.tlog\sel_xml_mpeg2_dvb_section.write.1u.tlog
