e:\projects-mpeg2码流分析仪\软件工程\everstationii\middleware\middleware_psisitable\release\win32\middleware_psisitable(x32).pch
e:\projects-mpeg2码流分析仪\软件工程\everstationii\middleware\middleware_psisitable\release\win32\vc141.pdb
e:\projects-mpeg2码流分析仪\软件工程\everstationii\middleware\middleware_psisitable\release\win32\stdafx.obj
e:\projects-mpeg2码流分析仪\软件工程\everstationii\middleware\middleware_psisitable\release\win32\dllmain.obj
e:\projects-mpeg2码流分析仪\软件工程\everstationii\middleware\middleware_psisitable\release\win32\cdl_si_tot.obj
e:\projects-mpeg2码流分析仪\软件工程\everstationii\middleware\middleware_psisitable\release\win32\cdl_si_tdt.obj
e:\projects-mpeg2码流分析仪\软件工程\everstationii\middleware\middleware_psisitable\release\win32\cdl_si_sdt.obj
e:\projects-mpeg2码流分析仪\软件工程\everstationii\middleware\middleware_psisitable\release\win32\cdl_si_rst.obj
e:\projects-mpeg2码流分析仪\软件工程\everstationii\middleware\middleware_psisitable\release\win32\cdl_si_nit.obj
e:\projects-mpeg2码流分析仪\软件工程\everstationii\middleware\middleware_psisitable\release\win32\cdl_si_int.obj
e:\projects-mpeg2码流分析仪\软件工程\everstationii\middleware\middleware_psisitable\release\win32\cdl_si_eit.obj
e:\projects-mpeg2码流分析仪\软件工程\everstationii\middleware\middleware_psisitable\release\win32\cdl_si_cmt.obj
e:\projects-mpeg2码流分析仪\软件工程\everstationii\middleware\middleware_psisitable\release\win32\cdl_si_bat.obj
e:\projects-mpeg2码流分析仪\软件工程\everstationii\middleware\middleware_psisitable\release\win32\cdl_psi_tsdt.obj
e:\projects-mpeg2码流分析仪\软件工程\everstationii\middleware\middleware_psisitable\release\win32\cdl_psi_pmt.obj
e:\projects-mpeg2码流分析仪\软件工程\everstationii\middleware\middleware_psisitable\release\win32\cdl_psi_pat.obj
e:\projects-mpeg2码流分析仪\软件工程\everstationii\middleware\middleware_psisitable\release\win32\cdl_psi_cat.obj
e:\projects-mpeg2码流分析仪\软件工程\everstationii\middleware\middleware_psisitable\release\win32\cdl_psisi_common.obj
e:\projects-mpeg2码流分析仪\软件工程\everstationii\middleware\middleware_psisitable\release\win32\cdl_mhp_ait.obj
e:\projects-mpeg2码流分析仪\软件工程\everstationii\middleware\middleware_psisitable\release\win32\cdl_ipdc_mpe.obj
e:\projects-mpeg2码流分析仪\软件工程\everstationii\middleware\middleware_psisitable\release\win32\cdl_dsmcc_unm.obj
e:\projects-mpeg2码流分析仪\软件工程\everstationii\middleware\middleware_psisitable\release\win32\cdl_dsmcc_ddm.obj
e:\projects-mpeg2码流分析仪\软件工程\everstationii\release\win32\middleware_psisitable(x32).dll
e:\projects-mpeg2码流分析仪\软件工程\everstationii\release\win32\middleware_psisitable(x32).pdb
e:\projects-mpeg2码流分析仪\软件工程\everstationii\middleware\middleware_psisitable\lib\middleware_psisitable(x32).lib
e:\projects-mpeg2码流分析仪\软件工程\everstationii\middleware\middleware_psisitable\lib\middleware_psisitable(x32).exp
e:\projects-mpeg2码流分析仪\软件工程\everstationii\release\win32\middleware_psisitable(x32).ipdb
e:\projects-mpeg2码流分析仪\软件工程\everstationii\release\win32\middleware_psisitable(x32).iobj
e:\projects-mpeg2码流分析仪\软件工程\everstationii\middleware\middleware_psisitable\release\win32\middlewa.e98111fb.tlog\cl.command.1.tlog
e:\projects-mpeg2码流分析仪\软件工程\everstationii\middleware\middleware_psisitable\release\win32\middlewa.e98111fb.tlog\cl.read.1.tlog
e:\projects-mpeg2码流分析仪\软件工程\everstationii\middleware\middleware_psisitable\release\win32\middlewa.e98111fb.tlog\cl.write.1.tlog
e:\projects-mpeg2码流分析仪\软件工程\everstationii\middleware\middleware_psisitable\release\win32\middlewa.e98111fb.tlog\link.command.1.tlog
e:\projects-mpeg2码流分析仪\软件工程\everstationii\middleware\middleware_psisitable\release\win32\middlewa.e98111fb.tlog\link.read.1.tlog
e:\projects-mpeg2码流分析仪\软件工程\everstationii\middleware\middleware_psisitable\release\win32\middlewa.e98111fb.tlog\link.write.1.tlog
e:\projects-mpeg2码流分析仪\软件工程\everstationii\middleware\middleware_psisitable\release\win32\middlewa.e98111fb.tlog\middleware_psisitable.write.1u.tlog
