e:\projects-mpeg2码流分析仪\软件工程\everstationii\middleware\middleware_esdecoder\debug\win32\middleware_esdecoderd(x32).pch
e:\projects-mpeg2码流分析仪\软件工程\everstationii\middleware\middleware_esdecoder\debug\win32\vc141.pdb
e:\projects-mpeg2码流分析仪\软件工程\everstationii\middleware\middleware_esdecoder\debug\win32\vc141.idb
e:\projects-mpeg2码流分析仪\软件工程\everstationii\middleware\middleware_esdecoder\debug\win32\stdafx.obj
e:\projects-mpeg2码流分析仪\软件工程\everstationii\middleware\middleware_esdecoder\debug\win32\dllmain.obj
e:\projects-mpeg2码流分析仪\软件工程\everstationii\middleware\middleware_esdecoder\debug\win32\videodecoder_yuv.obj
e:\projects-mpeg2码流分析仪\软件工程\everstationii\middleware\middleware_esdecoder\debug\win32\vesdecoder.obj
e:\projects-mpeg2码流分析仪\软件工程\everstationii\middleware\middleware_esdecoder\debug\win32\esdecoder_segment_tools.obj
e:\projects-mpeg2码流分析仪\软件工程\everstationii\middleware\middleware_esdecoder\debug\win32\esdecoder.obj
e:\projects-mpeg2码流分析仪\软件工程\everstationii\debug\win32\middleware_esdecoderd(x32).ilk
e:\projects-mpeg2码流分析仪\软件工程\everstationii\debug\win32\middleware_esdecoderd(x32).dll
e:\projects-mpeg2码流分析仪\软件工程\everstationii\debug\win32\middleware_esdecoderd(x32).pdb
e:\projects-mpeg2码流分析仪\软件工程\everstationii\middleware\middleware_esdecoder\lib\middleware_esdecoderd(x32).lib
e:\projects-mpeg2码流分析仪\软件工程\everstationii\middleware\middleware_esdecoder\lib\middleware_esdecoderd(x32).exp
e:\projects-mpeg2码流分析仪\软件工程\everstationii\middleware\middleware_esdecoder\debug\win32\middlewa.dcc2d843.tlog\cl.command.1.tlog
e:\projects-mpeg2码流分析仪\软件工程\everstationii\middleware\middleware_esdecoder\debug\win32\middlewa.dcc2d843.tlog\cl.read.1.tlog
e:\projects-mpeg2码流分析仪\软件工程\everstationii\middleware\middleware_esdecoder\debug\win32\middlewa.dcc2d843.tlog\cl.write.1.tlog
e:\projects-mpeg2码流分析仪\软件工程\everstationii\middleware\middleware_esdecoder\debug\win32\middlewa.dcc2d843.tlog\link.command.1.tlog
e:\projects-mpeg2码流分析仪\软件工程\everstationii\middleware\middleware_esdecoder\debug\win32\middlewa.dcc2d843.tlog\link.read.1.tlog
e:\projects-mpeg2码流分析仪\软件工程\everstationii\middleware\middleware_esdecoder\debug\win32\middlewa.dcc2d843.tlog\link.write.1.tlog
e:\projects-mpeg2码流分析仪\软件工程\everstationii\middleware\middleware_esdecoder\debug\win32\middlewa.dcc2d843.tlog\middleware_esdecoder.write.1u.tlog
