e:\projects-mpeg2码流分析仪\软件工程\everstation_v4.42.20180818\libs_es\es_aac\debug\x64\es_aacd(x64).pch
e:\projects-mpeg2码流分析仪\软件工程\everstation_v4.42.20180818\libs_es\es_aac\debug\x64\vc141.pdb
e:\projects-mpeg2码流分析仪\软件工程\everstation_v4.42.20180818\libs_es\es_aac\debug\x64\vc141.idb
e:\projects-mpeg2码流分析仪\软件工程\everstation_v4.42.20180818\libs_es\es_aac\debug\x64\stdafx.obj
e:\projects-mpeg2码流分析仪\软件工程\everstation_v4.42.20180818\libs_es\es_aac\debug\x64\aac_audio_sequence_xml.obj
e:\projects-mpeg2码流分析仪\软件工程\everstation_v4.42.20180818\libs_es\es_aac\debug\x64\aac_audio_tools.obj
e:\projects-mpeg2码流分析仪\软件工程\everstation_v4.42.20180818\libs_es\es_aac\debug\x64\aac_audio_sequence.obj
e:\projects-mpeg2码流分析仪\软件工程\everstation_v4.42.20180818\libs_es\es_aac\debug\x64\dllmain.obj
e:\projects-mpeg2码流分析仪\软件工程\everstation_v4.42.20180818\libs_es\es_aac\lib\es_aacd(x64).lib
e:\projects-mpeg2码流分析仪\软件工程\everstation_v4.42.20180818\libs_es\es_aac\lib\es_aacd(x64).exp
e:\projects-mpeg2码流分析仪\软件工程\everstation_v4.42.20180818\debug\x64\es_aacd(x64).dll
e:\projects-mpeg2码流分析仪\软件工程\everstation_v4.42.20180818\debug\x64\es_aacd(x64).ilk
e:\projects-mpeg2码流分析仪\软件工程\everstation_v4.42.20180818\debug\x64\es_aacd(x64).pdb
e:\projects-mpeg2码流分析仪\软件工程\everstation_v4.42.20180818\libs_es\es_aac\debug\x64\es_aac.tlog\cl.command.1.tlog
e:\projects-mpeg2码流分析仪\软件工程\everstation_v4.42.20180818\libs_es\es_aac\debug\x64\es_aac.tlog\cl.read.1.tlog
e:\projects-mpeg2码流分析仪\软件工程\everstation_v4.42.20180818\libs_es\es_aac\debug\x64\es_aac.tlog\cl.write.1.tlog
e:\projects-mpeg2码流分析仪\软件工程\everstation_v4.42.20180818\libs_es\es_aac\debug\x64\es_aac.tlog\es_aac.write.1u.tlog
e:\projects-mpeg2码流分析仪\软件工程\everstation_v4.42.20180818\libs_es\es_aac\debug\x64\es_aac.tlog\link.command.1.tlog
e:\projects-mpeg2码流分析仪\软件工程\everstation_v4.42.20180818\libs_es\es_aac\debug\x64\es_aac.tlog\link.read.1.tlog
e:\projects-mpeg2码流分析仪\软件工程\everstation_v4.42.20180818\libs_es\es_aac\debug\x64\es_aac.tlog\link.write.1.tlog
