e:\projects-mpeg2码流分析仪\软件工程\everstation_v4.42.20180818\libs_mpeg&dvb\mpeg_tspacket\debug\x64\mpeg_tspacketd(x64).pch
e:\projects-mpeg2码流分析仪\软件工程\everstation_v4.42.20180818\libs_mpeg&dvb\mpeg_tspacket\debug\x64\vc141.pdb
e:\projects-mpeg2码流分析仪\软件工程\everstation_v4.42.20180818\libs_mpeg&dvb\mpeg_tspacket\debug\x64\vc141.idb
e:\projects-mpeg2码流分析仪\软件工程\everstation_v4.42.20180818\libs_mpeg&dvb\mpeg_tspacket\debug\x64\stdafx.obj
e:\projects-mpeg2码流分析仪\软件工程\everstation_v4.42.20180818\libs_mpeg&dvb\mpeg_tspacket\debug\x64\mpeg2_ts_packet_xml.obj
e:\projects-mpeg2码流分析仪\软件工程\everstation_v4.42.20180818\libs_mpeg&dvb\mpeg_tspacket\debug\x64\mpeg2_ts_utilities.obj
e:\projects-mpeg2码流分析仪\软件工程\everstation_v4.42.20180818\libs_mpeg&dvb\mpeg_tspacket\debug\x64\mpeg2_ts_packet.obj
e:\projects-mpeg2码流分析仪\软件工程\everstation_v4.42.20180818\libs_mpeg&dvb\mpeg_tspacket\debug\x64\dllmain.obj
e:\projects-mpeg2码流分析仪\软件工程\everstation_v4.42.20180818\debug\x64\mpeg_tspacketd(x64).ilk
e:\projects-mpeg2码流分析仪\软件工程\everstation_v4.42.20180818\debug\x64\mpeg_tspacketd(x64).dll
e:\projects-mpeg2码流分析仪\软件工程\everstation_v4.42.20180818\debug\x64\mpeg_tspacketd(x64).pdb
e:\projects-mpeg2码流分析仪\软件工程\everstation_v4.42.20180818\libs_mpeg&dvb\mpeg_tspacket\lib\mpeg_tspacketd(x64).lib
e:\projects-mpeg2码流分析仪\软件工程\everstation_v4.42.20180818\libs_mpeg&dvb\mpeg_tspacket\lib\mpeg_tspacketd(x64).exp
e:\projects-mpeg2码流分析仪\软件工程\everstation_v4.42.20180818\libs_mpeg&dvb\mpeg_tspacket\debug\x64\mpeg_tspacket.tlog\cl.command.1.tlog
e:\projects-mpeg2码流分析仪\软件工程\everstation_v4.42.20180818\libs_mpeg&dvb\mpeg_tspacket\debug\x64\mpeg_tspacket.tlog\cl.read.1.tlog
e:\projects-mpeg2码流分析仪\软件工程\everstation_v4.42.20180818\libs_mpeg&dvb\mpeg_tspacket\debug\x64\mpeg_tspacket.tlog\cl.write.1.tlog
e:\projects-mpeg2码流分析仪\软件工程\everstation_v4.42.20180818\libs_mpeg&dvb\mpeg_tspacket\debug\x64\mpeg_tspacket.tlog\link.command.1.tlog
e:\projects-mpeg2码流分析仪\软件工程\everstation_v4.42.20180818\libs_mpeg&dvb\mpeg_tspacket\debug\x64\mpeg_tspacket.tlog\link.read.1.tlog
e:\projects-mpeg2码流分析仪\软件工程\everstation_v4.42.20180818\libs_mpeg&dvb\mpeg_tspacket\debug\x64\mpeg_tspacket.tlog\link.write.1.tlog
e:\projects-mpeg2码流分析仪\软件工程\everstation_v4.42.20180818\libs_mpeg&dvb\mpeg_tspacket\debug\x64\mpeg_tspacket.tlog\mpeg_tspacket.write.1u.tlog
