e:\projects-mpeg2码流分析仪\软件工程\everstationii\translate_layer\mpeg2_dvb_section\release\win32\vc141.pdb
e:\projects-mpeg2码流分析仪\软件工程\everstationii\translate_layer\mpeg2_dvb_section\release\win32\dvb_mhp_section_ait.obj
e:\projects-mpeg2码流分析仪\软件工程\everstationii\translate_layer\mpeg2_dvb_section\release\win32\dvb_mhp_descriptor.obj
e:\projects-mpeg2码流分析仪\软件工程\everstationii\translate_layer\mpeg2_dvb_section\release\win32\dvb_ipdc_utilities.obj
e:\projects-mpeg2码流分析仪\软件工程\everstationii\translate_layer\mpeg2_dvb_section\release\win32\dvb_ipdc_section_mpe.obj
e:\projects-mpeg2码流分析仪\软件工程\everstationii\translate_layer\mpeg2_dvb_section\release\win32\dvb_ipdc_section_int.obj
e:\projects-mpeg2码流分析仪\软件工程\everstationii\translate_layer\mpeg2_dvb_section\release\win32\dvb_ipdc_descriptor.obj
e:\projects-mpeg2码流分析仪\软件工程\everstationii\translate_layer\mpeg2_dvb_section\release\win32\dvb_databroadcast.obj
e:\projects-mpeg2码流分析仪\软件工程\everstationii\translate_layer\mpeg2_dvb_section\release\win32\mpeg2_dsmcc_unm_dsi_oc.obj
e:\projects-mpeg2码流分析仪\软件工程\everstationii\translate_layer\mpeg2_dvb_section\release\win32\mpeg2_dsmcc_unm_dsi_dc.obj
e:\projects-mpeg2码流分析仪\软件工程\everstationii\translate_layer\mpeg2_dvb_section\release\win32\mpeg2_dsmcc_unm_dsi.obj
e:\projects-mpeg2码流分析仪\软件工程\everstationii\translate_layer\mpeg2_dvb_section\release\win32\mpeg2_dsmcc_unm_dii_oc.obj
e:\projects-mpeg2码流分析仪\软件工程\everstationii\translate_layer\mpeg2_dvb_section\release\win32\mpeg2_dsmcc_unm_dii_dc.obj
e:\projects-mpeg2码流分析仪\软件工程\everstationii\translate_layer\mpeg2_dvb_section\release\win32\mpeg2_dsmcc_unm_dii.obj
e:\projects-mpeg2码流分析仪\软件工程\everstationii\translate_layer\mpeg2_dvb_section\release\win32\mpeg2_dsmcc_unm.obj
e:\projects-mpeg2码流分析仪\软件工程\everstationii\translate_layer\mpeg2_dvb_section\release\win32\mpeg2_dsmcc_ddm_ddb_oc.obj
e:\projects-mpeg2码流分析仪\软件工程\everstationii\translate_layer\mpeg2_dvb_section\release\win32\mpeg2_dsmcc_ddm_ddb_dc.obj
e:\projects-mpeg2码流分析仪\软件工程\everstationii\translate_layer\mpeg2_dvb_section\release\win32\mpeg2_dsmcc_ddm_ddb.obj
e:\projects-mpeg2码流分析仪\软件工程\everstationii\translate_layer\mpeg2_dvb_section\release\win32\mpeg2_dsmcc_ddm.obj
e:\projects-mpeg2码流分析仪\软件工程\everstationii\translate_layer\mpeg2_dvb_section\release\win32\mpeg2_dsmcc_biop.obj
e:\projects-mpeg2码流分析仪\软件工程\everstationii\translate_layer\mpeg2_dvb_section\release\win32\crc_32.obj
e:\projects-mpeg2码流分析仪\软件工程\everstationii\translate_layer\mpeg2_dvb_section\release\win32\mpeg2_psi_utilities.obj
e:\projects-mpeg2码流分析仪\软件工程\everstationii\translate_layer\mpeg2_dvb_section\release\win32\mpeg2_psi_section_tsdt.obj
e:\projects-mpeg2码流分析仪\软件工程\everstationii\translate_layer\mpeg2_dvb_section\release\win32\mpeg2_psi_section_pmt.obj
e:\projects-mpeg2码流分析仪\软件工程\everstationii\translate_layer\mpeg2_dvb_section\release\win32\mpeg2_psi_section_pat.obj
e:\projects-mpeg2码流分析仪\软件工程\everstationii\translate_layer\mpeg2_dvb_section\release\win32\mpeg2_psi_section_cat.obj
e:\projects-mpeg2码流分析仪\软件工程\everstationii\translate_layer\mpeg2_dvb_section\release\win32\mpeg2_psi_descriptor.obj
e:\projects-mpeg2码流分析仪\软件工程\everstationii\translate_layer\mpeg2_dvb_section\release\win32\mpeg2_dsmcc_utilities.obj
e:\projects-mpeg2码流分析仪\软件工程\everstationii\translate_layer\mpeg2_dvb_section\release\win32\mpeg2_dsmcc_section.obj
e:\projects-mpeg2码流分析仪\软件工程\everstationii\translate_layer\mpeg2_dvb_section\release\win32\mpeg2_dsmcc_descriptor.obj
e:\projects-mpeg2码流分析仪\软件工程\everstationii\translate_layer\mpeg2_dvb_section\release\win32\dvb_si_utilities.obj
e:\projects-mpeg2码流分析仪\软件工程\everstationii\translate_layer\mpeg2_dvb_section\release\win32\dvb_si_section_tot.obj
e:\projects-mpeg2码流分析仪\软件工程\everstationii\translate_layer\mpeg2_dvb_section\release\win32\dvb_si_section_tdt.obj
e:\projects-mpeg2码流分析仪\软件工程\everstationii\translate_layer\mpeg2_dvb_section\release\win32\dvb_si_section_sdt.obj
e:\projects-mpeg2码流分析仪\软件工程\everstationii\translate_layer\mpeg2_dvb_section\release\win32\dvb_si_section_rst.obj
e:\projects-mpeg2码流分析仪\软件工程\everstationii\translate_layer\mpeg2_dvb_section\release\win32\dvb_si_section_nit.obj
e:\projects-mpeg2码流分析仪\软件工程\everstationii\translate_layer\mpeg2_dvb_section\release\win32\dvb_si_section_eit.obj
e:\projects-mpeg2码流分析仪\软件工程\everstationii\translate_layer\mpeg2_dvb_section\release\win32\dvb_si_section_cmt.obj
e:\projects-mpeg2码流分析仪\软件工程\everstationii\translate_layer\mpeg2_dvb_section\release\win32\dvb_si_section_bat.obj
e:\projects-mpeg2码流分析仪\软件工程\everstationii\translate_layer\mpeg2_dvb_section\release\win32\dvb_si_descriptor.obj
e:\projects-mpeg2码流分析仪\软件工程\everstationii\translate_layer\mpeg2_dvb_section\release\win32\dvb_mhp_utilities.obj
e:\projects-mpeg2码流分析仪\软件工程\everstationii\translate_layer\mpeg2_dvb_section\release\win32\mpeg_dvb_common.obj
e:\projects-mpeg2码流分析仪\软件工程\everstationii\release\win32\mpeg2_dvb_section(x32).dll
e:\projects-mpeg2码流分析仪\软件工程\everstationii\release\win32\mpeg2_dvb_section(x32).pdb
e:\projects-mpeg2码流分析仪\软件工程\everstationii\translate_layer\mpeg2_dvb_section\lib\mpeg2_dvb_section(x32).lib
e:\projects-mpeg2码流分析仪\软件工程\everstationii\translate_layer\mpeg2_dvb_section\lib\mpeg2_dvb_section(x32).exp
e:\projects-mpeg2码流分析仪\软件工程\everstationii\release\win32\mpeg2_dvb_section(x32).ipdb
e:\projects-mpeg2码流分析仪\软件工程\everstationii\release\win32\mpeg2_dvb_section(x32).iobj
e:\projects-mpeg2码流分析仪\软件工程\everstationii\translate_layer\mpeg2_dvb_section\release\win32\translat.3e865ac4.tlog\cl.command.1.tlog
e:\projects-mpeg2码流分析仪\软件工程\everstationii\translate_layer\mpeg2_dvb_section\release\win32\translat.3e865ac4.tlog\cl.read.1.tlog
e:\projects-mpeg2码流分析仪\软件工程\everstationii\translate_layer\mpeg2_dvb_section\release\win32\translat.3e865ac4.tlog\cl.write.1.tlog
e:\projects-mpeg2码流分析仪\软件工程\everstationii\translate_layer\mpeg2_dvb_section\release\win32\translat.3e865ac4.tlog\link.command.1.tlog
e:\projects-mpeg2码流分析仪\软件工程\everstationii\translate_layer\mpeg2_dvb_section\release\win32\translat.3e865ac4.tlog\link.read.1.tlog
e:\projects-mpeg2码流分析仪\软件工程\everstationii\translate_layer\mpeg2_dvb_section\release\win32\translat.3e865ac4.tlog\link.write.1.tlog
e:\projects-mpeg2码流分析仪\软件工程\everstationii\translate_layer\mpeg2_dvb_section\release\win32\translat.3e865ac4.tlog\translate_mpeg2_dvb_section.write.1u.tlog
