e:\projects-mpeg2码流分析仪\软件工程\everstationii\middleware\middleware_esdecoder\debug\x64\middleware_esdecoderd(x64).pch
e:\projects-mpeg2码流分析仪\软件工程\everstationii\middleware\middleware_esdecoder\debug\x64\vc141.pdb
e:\projects-mpeg2码流分析仪\软件工程\everstationii\middleware\middleware_esdecoder\debug\x64\vc141.idb
e:\projects-mpeg2码流分析仪\软件工程\everstationii\middleware\middleware_esdecoder\debug\x64\stdafx.obj
e:\projects-mpeg2码流分析仪\软件工程\everstationii\middleware\middleware_esdecoder\debug\x64\dllmain.obj
e:\projects-mpeg2码流分析仪\软件工程\everstationii\middleware\middleware_esdecoder\debug\x64\videodecoder_yuv.obj
e:\projects-mpeg2码流分析仪\软件工程\everstationii\middleware\middleware_esdecoder\debug\x64\vesdecoder.obj
e:\projects-mpeg2码流分析仪\软件工程\everstationii\middleware\middleware_esdecoder\debug\x64\esdecoder_segment_tools.obj
e:\projects-mpeg2码流分析仪\软件工程\everstationii\middleware\middleware_esdecoder\debug\x64\esdecoder.obj
e:\projects-mpeg2码流分析仪\软件工程\everstationii\debug\x64\middleware_esdecoderd(x64).ilk
e:\projects-mpeg2码流分析仪\软件工程\everstationii\debug\x64\middleware_esdecoderd(x64).dll
e:\projects-mpeg2码流分析仪\软件工程\everstationii\debug\x64\middleware_esdecoderd(x64).pdb
e:\projects-mpeg2码流分析仪\软件工程\everstationii\middleware\middleware_esdecoder\lib\middleware_esdecoderd(x64).lib
e:\projects-mpeg2码流分析仪\软件工程\everstationii\middleware\middleware_esdecoder\lib\middleware_esdecoderd(x64).exp
e:\projects-mpeg2码流分析仪\软件工程\everstationii\middleware\middleware_esdecoder\debug\x64\middlewa.dcc2d843.tlog\cl.command.1.tlog
e:\projects-mpeg2码流分析仪\软件工程\everstationii\middleware\middleware_esdecoder\debug\x64\middlewa.dcc2d843.tlog\cl.read.1.tlog
e:\projects-mpeg2码流分析仪\软件工程\everstationii\middleware\middleware_esdecoder\debug\x64\middlewa.dcc2d843.tlog\cl.write.1.tlog
e:\projects-mpeg2码流分析仪\软件工程\everstationii\middleware\middleware_esdecoder\debug\x64\middlewa.dcc2d843.tlog\link.command.1.tlog
e:\projects-mpeg2码流分析仪\软件工程\everstationii\middleware\middleware_esdecoder\debug\x64\middlewa.dcc2d843.tlog\link.read.1.tlog
e:\projects-mpeg2码流分析仪\软件工程\everstationii\middleware\middleware_esdecoder\debug\x64\middlewa.dcc2d843.tlog\link.write.1.tlog
e:\projects-mpeg2码流分析仪\软件工程\everstationii\middleware\middleware_esdecoder\debug\x64\middlewa.dcc2d843.tlog\middleware_esdecoder.write.1u.tlog
