e:\projects-mpeg2码流分析仪\软件工程\everstation_v4.42.20180818\libs_es\es_avs\debug\x64\es_avsd(x64).pch
e:\projects-mpeg2码流分析仪\软件工程\everstation_v4.42.20180818\libs_es\es_avs\debug\x64\vc141.pdb
e:\projects-mpeg2码流分析仪\软件工程\everstation_v4.42.20180818\libs_es\es_avs\debug\x64\vc141.idb
e:\projects-mpeg2码流分析仪\软件工程\everstation_v4.42.20180818\libs_es\es_avs\debug\x64\stdafx.obj
e:\projects-mpeg2码流分析仪\软件工程\everstation_v4.42.20180818\libs_es\es_avs\debug\x64\avs_video_sequence_xml.obj
e:\projects-mpeg2码流分析仪\软件工程\everstation_v4.42.20180818\libs_es\es_avs\debug\x64\avs_video_utilities.obj
e:\projects-mpeg2码流分析仪\软件工程\everstation_v4.42.20180818\libs_es\es_avs\debug\x64\avs_video_sequence.obj
e:\projects-mpeg2码流分析仪\软件工程\everstation_v4.42.20180818\libs_es\es_avs\debug\x64\dllmain.obj
e:\projects-mpeg2码流分析仪\软件工程\everstation_v4.42.20180818\libs_es\es_avs\lib\es_avsd(x64).lib
e:\projects-mpeg2码流分析仪\软件工程\everstation_v4.42.20180818\libs_es\es_avs\lib\es_avsd(x64).exp
e:\projects-mpeg2码流分析仪\软件工程\everstation_v4.42.20180818\debug\x64\es_avsd(x64).dll
e:\projects-mpeg2码流分析仪\软件工程\everstation_v4.42.20180818\debug\x64\es_avsd(x64).ilk
e:\projects-mpeg2码流分析仪\软件工程\everstation_v4.42.20180818\debug\x64\es_avsd(x64).pdb
e:\projects-mpeg2码流分析仪\软件工程\everstation_v4.42.20180818\libs_es\es_avs\debug\x64\es_avs.tlog\cl.command.1.tlog
e:\projects-mpeg2码流分析仪\软件工程\everstation_v4.42.20180818\libs_es\es_avs\debug\x64\es_avs.tlog\cl.read.1.tlog
e:\projects-mpeg2码流分析仪\软件工程\everstation_v4.42.20180818\libs_es\es_avs\debug\x64\es_avs.tlog\cl.write.1.tlog
e:\projects-mpeg2码流分析仪\软件工程\everstation_v4.42.20180818\libs_es\es_avs\debug\x64\es_avs.tlog\es_avs.write.1u.tlog
e:\projects-mpeg2码流分析仪\软件工程\everstation_v4.42.20180818\libs_es\es_avs\debug\x64\es_avs.tlog\link.command.1.tlog
e:\projects-mpeg2码流分析仪\软件工程\everstation_v4.42.20180818\libs_es\es_avs\debug\x64\es_avs.tlog\link.read.1.tlog
e:\projects-mpeg2码流分析仪\软件工程\everstation_v4.42.20180818\libs_es\es_avs\debug\x64\es_avs.tlog\link.write.1.tlog
