e:\open_source_code_for_vc\everstationii\middleware\middleware_psisitable\debug\x64\middleware_psisitabled(x64).pch
e:\open_source_code_for_vc\everstationii\middleware\middleware_psisitable\debug\x64\vc141.pdb
e:\open_source_code_for_vc\everstationii\middleware\middleware_psisitable\debug\x64\vc141.idb
e:\open_source_code_for_vc\everstationii\middleware\middleware_psisitable\debug\x64\stdafx.obj
e:\open_source_code_for_vc\everstationii\middleware\middleware_psisitable\debug\x64\cdl_si_tot.obj
e:\open_source_code_for_vc\everstationii\middleware\middleware_psisitable\debug\x64\cdl_si_tdt.obj
e:\open_source_code_for_vc\everstationii\middleware\middleware_psisitable\debug\x64\cdl_si_sdt.obj
e:\open_source_code_for_vc\everstationii\middleware\middleware_psisitable\debug\x64\cdl_si_rst.obj
e:\open_source_code_for_vc\everstationii\middleware\middleware_psisitable\debug\x64\cdl_si_nit.obj
e:\open_source_code_for_vc\everstationii\middleware\middleware_psisitable\debug\x64\cdl_si_int.obj
e:\open_source_code_for_vc\everstationii\middleware\middleware_psisitable\debug\x64\cdl_si_eit.obj
e:\open_source_code_for_vc\everstationii\middleware\middleware_psisitable\debug\x64\cdl_si_cmt.obj
e:\open_source_code_for_vc\everstationii\middleware\middleware_psisitable\debug\x64\cdl_si_bat.obj
e:\open_source_code_for_vc\everstationii\middleware\middleware_psisitable\debug\x64\cdl_psi_tsdt.obj
e:\open_source_code_for_vc\everstationii\middleware\middleware_psisitable\debug\x64\cdl_psi_pmt.obj
e:\open_source_code_for_vc\everstationii\middleware\middleware_psisitable\debug\x64\cdl_psi_pat.obj
e:\open_source_code_for_vc\everstationii\middleware\middleware_psisitable\debug\x64\cdl_psi_cat.obj
e:\open_source_code_for_vc\everstationii\middleware\middleware_psisitable\debug\x64\cdl_psisi_common.obj
e:\open_source_code_for_vc\everstationii\middleware\middleware_psisitable\debug\x64\cdl_mhp_ait.obj
e:\open_source_code_for_vc\everstationii\middleware\middleware_psisitable\debug\x64\cdl_ipdc_mpe.obj
e:\open_source_code_for_vc\everstationii\middleware\middleware_psisitable\debug\x64\cdl_dsmcc_unm.obj
e:\open_source_code_for_vc\everstationii\middleware\middleware_psisitable\debug\x64\cdl_dsmcc_pvt.obj
e:\open_source_code_for_vc\everstationii\middleware\middleware_psisitable\debug\x64\cdl_dsmcc_ddm.obj
e:\open_source_code_for_vc\everstationii\middleware\middleware_psisitable\debug\x64\dllmain.obj
e:\open_source_code_for_vc\everstationii\debug\x64\middleware_psisitabled(x64).dll
e:\open_source_code_for_vc\everstationii\debug\x64\middleware_psisitabled(x64).ilk
e:\open_source_code_for_vc\everstationii\debug\x64\middleware_psisitabled(x64).pdb
e:\open_source_code_for_vc\everstationii\middleware\middleware_psisitable\lib\middleware_psisitabled(x64).lib
e:\open_source_code_for_vc\everstationii\middleware\middleware_psisitable\lib\middleware_psisitabled(x64).exp
e:\open_source_code_for_vc\everstationii\middleware\middleware_psisitable\debug\x64\middlewa.e98111fb.tlog\cl.command.1.tlog
e:\open_source_code_for_vc\everstationii\middleware\middleware_psisitable\debug\x64\middlewa.e98111fb.tlog\cl.read.1.tlog
e:\open_source_code_for_vc\everstationii\middleware\middleware_psisitable\debug\x64\middlewa.e98111fb.tlog\cl.write.1.tlog
e:\open_source_code_for_vc\everstationii\middleware\middleware_psisitable\debug\x64\middlewa.e98111fb.tlog\link.command.1.tlog
e:\open_source_code_for_vc\everstationii\middleware\middleware_psisitable\debug\x64\middlewa.e98111fb.tlog\link.read.1.tlog
e:\open_source_code_for_vc\everstationii\middleware\middleware_psisitable\debug\x64\middlewa.e98111fb.tlog\link.write.1.tlog
e:\open_source_code_for_vc\everstationii\middleware\middleware_psisitable\debug\x64\middlewa.e98111fb.tlog\middleware_psisitable.write.1u.tlog
