e:\projects-mpeg2码流分析仪\软件工程\everstationii\apps\ksniffer\debug\win32\app_ksnifferd(x32).pch
e:\projects-mpeg2码流分析仪\软件工程\everstationii\apps\ksniffer\debug\win32\vc141.pdb
e:\projects-mpeg2码流分析仪\软件工程\everstationii\apps\ksniffer\debug\win32\vc141.idb
e:\projects-mpeg2码流分析仪\软件工程\everstationii\apps\ksniffer\debug\win32\stdafx.obj
e:\projects-mpeg2码流分析仪\软件工程\everstationii\apps\ksniffer\debug\win32\threadex.obj
e:\projects-mpeg2码流分析仪\软件工程\everstationii\apps\ksniffer\debug\win32\showthread.obj
e:\projects-mpeg2码流分析仪\软件工程\everstationii\apps\ksniffer\debug\win32\protocols.obj
e:\projects-mpeg2码流分析仪\软件工程\everstationii\apps\ksniffer\debug\win32\ksnifferdlg.obj
e:\projects-mpeg2码流分析仪\软件工程\everstationii\apps\ksniffer\debug\win32\ksniffer.obj
e:\projects-mpeg2码流分析仪\软件工程\everstationii\apps\ksniffer\debug\win32\hexedit.obj
e:\projects-mpeg2码流分析仪\软件工程\everstationii\apps\ksniffer\debug\win32\globalvar.obj
e:\projects-mpeg2码流分析仪\软件工程\everstationii\apps\ksniffer\debug\win32\capthread.obj
e:\projects-mpeg2码流分析仪\软件工程\everstationii\apps\ksniffer\debug\win32\capfilterdlg.obj
e:\projects-mpeg2码流分析仪\软件工程\everstationii\apps\ksniffer\debug\win32\adaptersdlg.obj
e:\projects-mpeg2码流分析仪\软件工程\everstationii\debug\win32\app_ksnifferd(x32).ilk
e:\projects-mpeg2码流分析仪\软件工程\everstationii\debug\win32\app_ksnifferd(x32).exe
e:\projects-mpeg2码流分析仪\软件工程\everstationii\debug\win32\app_ksnifferd(x32).pdb
e:\projects-mpeg2码流分析仪\软件工程\everstationii\apps\ksniffer\debug\win32\ksniffer.res
e:\projects-mpeg2码流分析仪\软件工程\everstationii\apps\ksniffer\debug\win32\app_ksniffer.tlog\cl.command.1.tlog
e:\projects-mpeg2码流分析仪\软件工程\everstationii\apps\ksniffer\debug\win32\app_ksniffer.tlog\cl.read.1.tlog
e:\projects-mpeg2码流分析仪\软件工程\everstationii\apps\ksniffer\debug\win32\app_ksniffer.tlog\cl.write.1.tlog
e:\projects-mpeg2码流分析仪\软件工程\everstationii\apps\ksniffer\debug\win32\app_ksniffer.tlog\link.command.1.tlog
e:\projects-mpeg2码流分析仪\软件工程\everstationii\apps\ksniffer\debug\win32\app_ksniffer.tlog\link.read.1.tlog
e:\projects-mpeg2码流分析仪\软件工程\everstationii\apps\ksniffer\debug\win32\app_ksniffer.tlog\link.write.1.tlog
e:\projects-mpeg2码流分析仪\软件工程\everstationii\apps\ksniffer\debug\win32\app_ksniffer.tlog\rc.command.1.tlog
e:\projects-mpeg2码流分析仪\软件工程\everstationii\apps\ksniffer\debug\win32\app_ksniffer.tlog\rc.read.1.tlog
e:\projects-mpeg2码流分析仪\软件工程\everstationii\apps\ksniffer\debug\win32\app_ksniffer.tlog\rc.write.1.tlog
