e:\projects-mpeg2码流分析仪\软件工程\everstation_v4.30.20180523\middleware\middleware_tools\debug\win32\middleware_toolsd(x32).pch
e:\projects-mpeg2码流分析仪\软件工程\everstation_v4.30.20180523\middleware\middleware_tools\debug\win32\vc141.pdb
e:\projects-mpeg2码流分析仪\软件工程\everstation_v4.30.20180523\middleware\middleware_tools\debug\win32\vc141.idb
e:\projects-mpeg2码流分析仪\软件工程\everstation_v4.30.20180523\middleware\middleware_tools\debug\win32\stdafx.obj
e:\projects-mpeg2码流分析仪\软件工程\everstation_v4.30.20180523\middleware\middleware_tools\debug\win32\video_width_height_api.obj
e:\projects-mpeg2码流分析仪\软件工程\everstation_v4.30.20180523\middleware\middleware_tools\debug\win32\mpeg2_dictionary.obj
e:\projects-mpeg2码流分析仪\软件工程\everstation_v4.30.20180523\middleware\middleware_tools\debug\win32\datatypechange.obj
e:\projects-mpeg2码流分析仪\软件工程\everstation_v4.30.20180523\middleware\middleware_tools\debug\win32\cdl_error.obj
e:\projects-mpeg2码流分析仪\软件工程\everstation_v4.30.20180523\middleware\middleware_tools\debug\win32\dllmain.obj
e:\projects-mpeg2码流分析仪\软件工程\everstation_v4.30.20180523\debug\win32\middleware_toolsd(x32).ilk
e:\projects-mpeg2码流分析仪\软件工程\everstation_v4.30.20180523\debug\win32\middleware_toolsd(x32).dll
e:\projects-mpeg2码流分析仪\软件工程\everstation_v4.30.20180523\debug\win32\middleware_toolsd(x32).pdb
e:\projects-mpeg2码流分析仪\软件工程\everstation_v4.30.20180523\middleware\middleware_tools\lib\middleware_toolsd(x32).lib
e:\projects-mpeg2码流分析仪\软件工程\everstation_v4.30.20180523\middleware\middleware_tools\lib\middleware_toolsd(x32).exp
e:\projects-mpeg2码流分析仪\软件工程\everstation_v4.30.20180523\middleware\middleware_tools\debug\win32\middleware_tools.tlog\cl.command.1.tlog
e:\projects-mpeg2码流分析仪\软件工程\everstation_v4.30.20180523\middleware\middleware_tools\debug\win32\middleware_tools.tlog\cl.read.1.tlog
e:\projects-mpeg2码流分析仪\软件工程\everstation_v4.30.20180523\middleware\middleware_tools\debug\win32\middleware_tools.tlog\cl.write.1.tlog
e:\projects-mpeg2码流分析仪\软件工程\everstation_v4.30.20180523\middleware\middleware_tools\debug\win32\middleware_tools.tlog\link.command.1.tlog
e:\projects-mpeg2码流分析仪\软件工程\everstation_v4.30.20180523\middleware\middleware_tools\debug\win32\middleware_tools.tlog\link.read.1.tlog
e:\projects-mpeg2码流分析仪\软件工程\everstation_v4.30.20180523\middleware\middleware_tools\debug\win32\middleware_tools.tlog\link.write.1.tlog
e:\projects-mpeg2码流分析仪\软件工程\everstation_v4.30.20180523\middleware\middleware_tools\debug\win32\middleware_tools.tlog\middleware_tools.write.1u.tlog
